This file contains any messages produced by compilers while
running configure, to aid debugging if configure makes a mistake.

It was created by tk configure 8.5, which was
generated by GNU Autoconf 2.59.  Invocation command line was

  $ ./configure --prefix=/home/oide/SAD/oldsad/arch/i386-Linux2 --enable-xft --enable-shared

## --------- ##
## Platform. ##
## --------- ##

hostname = ubuntu
uname -m = i686
uname -r = 2.6.32-25-generic
uname -s = Linux
uname -v = #43-Ubuntu SMP Wed Sep 1 09:46:39 UTC 2010

/usr/bin/uname -p = unknown
/bin/uname -X     = unknown

/bin/arch              = unknown
/usr/bin/arch -k       = unknown
/usr/convex/getsysinfo = unknown
hostinfo               = unknown
/bin/machine           = unknown
/usr/bin/oslevel       = unknown
/bin/universe          = unknown

PATH: /Users/oide/SAD/oldsad/bin
PATH: /Users/oide/bin/powerpc-apple-darwin
PATH: /Users/oide/bin
PATH: /sw/bin
PATH: /sw/sbin
PATH: /usr/local/bin
PATH: /usr/bin
PATH: /bin
PATH: /usr/local/sbin
PATH: /usr/sbin
PATH: /sbin
PATH: /usr/X11R6/bin
PATH: /usr/texbin


## ----------- ##
## Core tests. ##
## ----------- ##

configure:1365: checking for Tcl configuration
configure:1468: result: found /home/oide/SAD/oldsad/obj/i386-Linux2/tcl8.5.8/unix/tclConfig.sh
configure:1474: checking for existence of /home/oide/SAD/oldsad/obj/i386-Linux2/tcl8.5.8/unix/tclConfig.sh
configure:1478: result: loading
configure:1544: checking for tclsh
configure:1568: result: /usr/bin/tclsh8.4
configure:1579: checking for tclsh in Tcl build directory
configure:1582: result: /home/oide/SAD/oldsad/obj/i386-Linux2/tcl8.5.8/unix/tclsh
configure:1616: checking whether to use symlinks for manpages
configure:1625: result: no
configure:1628: checking whether to compress the manpages
configure:1643: result: no
configure:1657: checking whether to add a package name suffix for the manpages
configure:1670: result: no
configure:1732: checking for gcc
configure:1758: result: gcc-4
configure:2002: checking for C compiler version
configure:2005: gcc-4 --version </dev/null >&5
gcc-4 (Ubuntu 4.4.3-4ubuntu5) 4.4.3
Copyright (C) 2009 Free Software Foundation, Inc.
This is free software; see the source for copying conditions.  There is NO
warranty; not even for MERCHANTABILITY or FITNESS FOR A PARTICULAR PURPOSE.

configure:2008: $? = 0
configure:2010: gcc-4 -v </dev/null >&5
Using built-in specs.
Target: i486-linux-gnu
Configured with: ../src/configure -v --with-pkgversion='Ubuntu 4.4.3-4ubuntu5' --with-bugurl=file:///usr/share/doc/gcc-4.4/README.Bugs --enable-languages=c,c++,fortran,objc,obj-c++ --prefix=/usr --enable-shared --enable-multiarch --enable-linker-build-id --with-system-zlib --libexecdir=/usr/lib --without-included-gettext --enable-threads=posix --with-gxx-include-dir=/usr/include/c++/4.4 --program-suffix=-4.4 --enable-nls --enable-clocale=gnu --enable-libstdcxx-debug --enable-plugin --enable-objc-gc --enable-targets=all --disable-werror --with-arch-32=i486 --with-tune=generic --enable-checking=release --build=i486-linux-gnu --host=i486-linux-gnu --target=i486-linux-gnu
Thread model: posix
gcc version 4.4.3 (Ubuntu 4.4.3-4ubuntu5) 
configure:2013: $? = 0
configure:2015: gcc-4 -V </dev/null >&5
gcc-4: '-V' option must have argument
configure:2018: $? = 1
configure:2041: checking for C compiler default output file name
configure:2044: gcc-4 -DTCL_NO_STACK_CHECK -DTCL_NO_STACK_CHECK   conftest.c  >&5
configure:2047: $? = 0
configure:2093: result: a.out
configure:2098: checking whether the C compiler works
configure:2104: ./a.out
configure:2107: $? = 0
configure:2124: result: yes
configure:2131: checking whether we are cross compiling
configure:2133: result: no
configure:2136: checking for suffix of executables
configure:2138: gcc-4 -o conftest -DTCL_NO_STACK_CHECK -DTCL_NO_STACK_CHECK   conftest.c  >&5
configure:2141: $? = 0
configure:2166: result: 
configure:2172: checking for suffix of object files
configure:2193: gcc-4 -c -DTCL_NO_STACK_CHECK -DTCL_NO_STACK_CHECK  conftest.c >&5
configure:2196: $? = 0
configure:2218: result: o
configure:2222: checking whether we are using the GNU C compiler
configure:2246: gcc-4 -c -DTCL_NO_STACK_CHECK -DTCL_NO_STACK_CHECK  conftest.c >&5
configure:2252: $? = 0
configure:2256: test -z 
			 || test ! -s conftest.err
configure:2259: $? = 0
configure:2262: test -s conftest.o
configure:2265: $? = 0
configure:2278: result: yes
configure:2284: checking whether gcc-4 accepts -g
configure:2305: gcc-4 -c -g  conftest.c >&5
configure:2311: $? = 0
configure:2315: test -z 
			 || test ! -s conftest.err
configure:2318: $? = 0
configure:2321: test -s conftest.o
configure:2324: $? = 0
configure:2335: result: yes
configure:2352: checking for gcc-4 option to accept ANSI C
configure:2422: gcc-4  -c -DTCL_NO_STACK_CHECK -DTCL_NO_STACK_CHECK  conftest.c >&5
configure:2428: $? = 0
configure:2432: test -z 
			 || test ! -s conftest.err
configure:2435: $? = 0
configure:2438: test -s conftest.o
configure:2441: $? = 0
configure:2459: result: none needed
configure:2477: gcc-4 -c -DTCL_NO_STACK_CHECK -DTCL_NO_STACK_CHECK  conftest.c >&5
conftest.c:2: error: expected '=', ',', ';', 'asm' or '__attribute__' before 'me'
configure:2483: $? = 1
configure: failed program was:
| #ifndef __cplusplus
|   choke me
| #endif
configure:2625: checking how to run the C preprocessor
configure:2660: gcc-4 -E  conftest.c
configure:2666: $? = 0
configure:2698: gcc-4 -E  conftest.c
conftest.c:9:28: error: ac_nonexistent.h: No such file or directory
configure:2704: $? = 1
configure: failed program was:
| /* confdefs.h.  */
| 
| #define PACKAGE_NAME "tk"
| #define PACKAGE_TARNAME "tk"
| #define PACKAGE_VERSION "8.5"
| #define PACKAGE_STRING "tk 8.5"
| #define PACKAGE_BUGREPORT ""
| /* end confdefs.h.  */
| #include <ac_nonexistent.h>
configure:2743: result: gcc-4 -E
configure:2767: gcc-4 -E  conftest.c
configure:2773: $? = 0
configure:2805: gcc-4 -E  conftest.c
conftest.c:9:28: error: ac_nonexistent.h: No such file or directory
configure:2811: $? = 1
configure: failed program was:
| /* confdefs.h.  */
| 
| #define PACKAGE_NAME "tk"
| #define PACKAGE_TARNAME "tk"
| #define PACKAGE_VERSION "8.5"
| #define PACKAGE_STRING "tk 8.5"
| #define PACKAGE_BUGREPORT ""
| /* end confdefs.h.  */
| #include <ac_nonexistent.h>
configure:2855: checking for egrep
configure:2865: result: grep -E
configure:2870: checking for ANSI C header files
configure:2895: gcc-4 -c -DTCL_NO_STACK_CHECK -DTCL_NO_STACK_CHECK  conftest.c >&5
configure:2901: $? = 0
configure:2905: test -z 
			 || test ! -s conftest.err
configure:2908: $? = 0
configure:2911: test -s conftest.o
configure:2914: $? = 0
configure:3003: gcc-4 -o conftest -DTCL_NO_STACK_CHECK -DTCL_NO_STACK_CHECK   conftest.c  >&5
conftest.c: In function 'main':
conftest.c:26: warning: incompatible implicit declaration of built-in function 'exit'
configure:3006: $? = 0
configure:3008: ./conftest
configure:3011: $? = 0
configure:3026: result: yes
configure:3050: checking for sys/types.h
configure:3066: gcc-4 -c -DTCL_NO_STACK_CHECK -DTCL_NO_STACK_CHECK  conftest.c >&5
configure:3072: $? = 0
configure:3076: test -z 
			 || test ! -s conftest.err
configure:3079: $? = 0
configure:3082: test -s conftest.o
configure:3085: $? = 0
configure:3096: result: yes
configure:3050: checking for sys/stat.h
configure:3066: gcc-4 -c -DTCL_NO_STACK_CHECK -DTCL_NO_STACK_CHECK  conftest.c >&5
configure:3072: $? = 0
configure:3076: test -z 
			 || test ! -s conftest.err
configure:3079: $? = 0
configure:3082: test -s conftest.o
configure:3085: $? = 0
configure:3096: result: yes
configure:3050: checking for stdlib.h
configure:3066: gcc-4 -c -DTCL_NO_STACK_CHECK -DTCL_NO_STACK_CHECK  conftest.c >&5
configure:3072: $? = 0
configure:3076: test -z 
			 || test ! -s conftest.err
configure:3079: $? = 0
configure:3082: test -s conftest.o
configure:3085: $? = 0
configure:3096: result: yes
configure:3050: checking for string.h
configure:3066: gcc-4 -c -DTCL_NO_STACK_CHECK -DTCL_NO_STACK_CHECK  conftest.c >&5
configure:3072: $? = 0
configure:3076: test -z 
			 || test ! -s conftest.err
configure:3079: $? = 0
configure:3082: test -s conftest.o
configure:3085: $? = 0
configure:3096: result: yes
configure:3050: checking for memory.h
configure:3066: gcc-4 -c -DTCL_NO_STACK_CHECK -DTCL_NO_STACK_CHECK  conftest.c >&5
configure:3072: $? = 0
configure:3076: test -z 
			 || test ! -s conftest.err
configure:3079: $? = 0
configure:3082: test -s conftest.o
configure:3085: $? = 0
configure:3096: result: yes
configure:3050: checking for strings.h
configure:3066: gcc-4 -c -DTCL_NO_STACK_CHECK -DTCL_NO_STACK_CHECK  conftest.c >&5
configure:3072: $? = 0
configure:3076: test -z 
			 || test ! -s conftest.err
configure:3079: $? = 0
configure:3082: test -s conftest.o
configure:3085: $? = 0
configure:3096: result: yes
configure:3050: checking for inttypes.h
configure:3066: gcc-4 -c -DTCL_NO_STACK_CHECK -DTCL_NO_STACK_CHECK  conftest.c >&5
configure:3072: $? = 0
configure:3076: test -z 
			 || test ! -s conftest.err
configure:3079: $? = 0
configure:3082: test -s conftest.o
configure:3085: $? = 0
configure:3096: result: yes
configure:3050: checking for stdint.h
configure:3066: gcc-4 -c -DTCL_NO_STACK_CHECK -DTCL_NO_STACK_CHECK  conftest.c >&5
configure:3072: $? = 0
configure:3076: test -z 
			 || test ! -s conftest.err
configure:3079: $? = 0
configure:3082: test -s conftest.o
configure:3085: $? = 0
configure:3096: result: yes
configure:3050: checking for unistd.h
configure:3066: gcc-4 -c -DTCL_NO_STACK_CHECK -DTCL_NO_STACK_CHECK  conftest.c >&5
configure:3072: $? = 0
configure:3076: test -z 
			 || test ! -s conftest.err
configure:3079: $? = 0
configure:3082: test -s conftest.o
configure:3085: $? = 0
configure:3096: result: yes
configure:3118: checking limits.h usability
configure:3130: gcc-4 -c -DTCL_NO_STACK_CHECK -DTCL_NO_STACK_CHECK  conftest.c >&5
configure:3136: $? = 0
configure:3140: test -z 
			 || test ! -s conftest.err
configure:3143: $? = 0
configure:3146: test -s conftest.o
configure:3149: $? = 0
configure:3159: result: yes
configure:3163: checking limits.h presence
configure:3173: gcc-4 -E  conftest.c
configure:3179: $? = 0
configure:3199: result: yes
configure:3234: checking for limits.h
configure:3241: result: yes
configure:3267: checking for stdlib.h
configure:3272: result: yes
configure:3475: checking if the compiler understands -pipe
configure:3498: gcc-4 -c -DTCL_NO_STACK_CHECK -DTCL_NO_STACK_CHECK -pipe  conftest.c >&5
configure:3504: $? = 0
configure:3508: test -z 
			 || test ! -s conftest.err
configure:3511: $? = 0
configure:3514: test -s conftest.o
configure:3517: $? = 0
configure:3529: result: yes
configure:4448: checking for building with threads
configure:4464: result: no (default)
configure:4475: checking how to build libraries
configure:4493: result: shared
configure:4555: checking for ranlib
configure:4571: found /usr/bin/ranlib
configure:4582: result: ranlib
configure:4598: checking if 64bit support is requested
configure:4607: result: no
configure:4612: checking if 64bit Sparc VIS support is requested
configure:4621: result: no
configure:4632: checking if compiler supports visibility "hidden"
configure:4657: gcc-4 -o conftest -DTCL_NO_STACK_CHECK -DTCL_NO_STACK_CHECK -pipe -Werror   conftest.c  >&5
configure:4663: $? = 0
configure:4667: test -z 
			 || test ! -s conftest.err
configure:4670: $? = 0
configure:4673: test -s conftest
configure:4676: $? = 0
configure:4689: result: yes
configure:4704: checking if rpath support is requested
configure:4713: result: yes
configure:4720: checking system version
configure:4748: result: Linux-2.6.32-25-generic
configure:4756: checking for dlopen in -ldl
configure:4786: gcc-4 -o conftest -DTCL_NO_STACK_CHECK -DTCL_NO_STACK_CHECK -pipe   conftest.c -ldl   >&5
configure:4792: $? = 0
configure:4796: test -z 
			 || test ! -s conftest.err
configure:4799: $? = 0
configure:4802: test -s conftest
configure:4805: $? = 0
configure:4818: result: yes
configure:4864: checking for ar
configure:4880: found /usr/bin/ar
configure:4890: result: ar
configure:7152: checking for build with symbols
configure:7166: result: no
configure:7216: checking for required early compiler flags
configure:7239: gcc-4 -c -DTCL_NO_STACK_CHECK -DTCL_NO_STACK_CHECK -pipe  conftest.c >&5
configure:7245: $? = 0
configure:7249: test -z 
			 || test ! -s conftest.err
configure:7252: $? = 0
configure:7255: test -s conftest.o
configure:7258: $? = 0
configure:7344: gcc-4 -c -DTCL_NO_STACK_CHECK -DTCL_NO_STACK_CHECK -pipe  conftest.c >&5
conftest.c: In function 'main':
conftest.c:28: error: storage size of 'buf' isn't known
configure:7350: $? = 1
configure: failed program was:
| /* confdefs.h.  */
| 
| #define PACKAGE_NAME "tk"
| #define PACKAGE_TARNAME "tk"
| #define PACKAGE_VERSION "8.5"
| #define PACKAGE_STRING "tk 8.5"
| #define PACKAGE_BUGREPORT ""
| #define STDC_HEADERS 1
| #define HAVE_SYS_TYPES_H 1
| #define HAVE_SYS_STAT_H 1
| #define HAVE_STDLIB_H 1
| #define HAVE_STRING_H 1
| #define HAVE_MEMORY_H 1
| #define HAVE_STRINGS_H 1
| #define HAVE_INTTYPES_H 1
| #define HAVE_STDINT_H 1
| #define HAVE_UNISTD_H 1
| #define HAVE_LIMITS_H 1
| #define MODULE_SCOPE extern __attribute__((__visibility__("hidden")))
| #define TCL_SHLIB_EXT ".so"
| #define TCL_CFG_OPTIMIZED 1
| #define TCL_CFG_DEBUG 1
| /* end confdefs.h.  */
| #include <sys/stat.h>
| int
| main ()
| {
| struct stat64 buf; int i = stat64("/", &buf);
|   ;
|   return 0;
| }
configure:7387: gcc-4 -c -DTCL_NO_STACK_CHECK -DTCL_NO_STACK_CHECK -pipe  conftest.c >&5
configure:7393: $? = 0
configure:7397: test -z 
			 || test ! -s conftest.err
configure:7400: $? = 0
configure:7403: test -s conftest.o
configure:7406: $? = 0
configure:7449: gcc-4 -c -DTCL_NO_STACK_CHECK -DTCL_NO_STACK_CHECK -pipe  conftest.c >&5
conftest.c: In function 'main':
conftest.c:29: error: 'open64' undeclared (first use in this function)
conftest.c:29: error: (Each undeclared identifier is reported only once
conftest.c:29: error: for each function it appears in.)
configure:7455: $? = 1
configure: failed program was:
| /* confdefs.h.  */
| 
| #define PACKAGE_NAME "tk"
| #define PACKAGE_TARNAME "tk"
| #define PACKAGE_VERSION "8.5"
| #define PACKAGE_STRING "tk 8.5"
| #define PACKAGE_BUGREPORT ""
| #define STDC_HEADERS 1
| #define HAVE_SYS_TYPES_H 1
| #define HAVE_SYS_STAT_H 1
| #define HAVE_STDLIB_H 1
| #define HAVE_STRING_H 1
| #define HAVE_MEMORY_H 1
| #define HAVE_STRINGS_H 1
| #define HAVE_INTTYPES_H 1
| #define HAVE_STDINT_H 1
| #define HAVE_UNISTD_H 1
| #define HAVE_LIMITS_H 1
| #define MODULE_SCOPE extern __attribute__((__visibility__("hidden")))
| #define TCL_SHLIB_EXT ".so"
| #define TCL_CFG_OPTIMIZED 1
| #define TCL_CFG_DEBUG 1
| #define _LARGEFILE64_SOURCE 1
| /* end confdefs.h.  */
| #include <sys/stat.h>
| int
| main ()
| {
| char *p = (char *)open64;
|   ;
|   return 0;
| }
configure:7492: gcc-4 -c -DTCL_NO_STACK_CHECK -DTCL_NO_STACK_CHECK -pipe  conftest.c >&5
conftest.c: In function 'main':
conftest.c:30: error: 'open64' undeclared (first use in this function)
conftest.c:30: error: (Each undeclared identifier is reported only once
conftest.c:30: error: for each function it appears in.)
configure:7498: $? = 1
configure: failed program was:
| /* confdefs.h.  */
| 
| #define PACKAGE_NAME "tk"
| #define PACKAGE_TARNAME "tk"
| #define PACKAGE_VERSION "8.5"
| #define PACKAGE_STRING "tk 8.5"
| #define PACKAGE_BUGREPORT ""
| #define STDC_HEADERS 1
| #define HAVE_SYS_TYPES_H 1
| #define HAVE_SYS_STAT_H 1
| #define HAVE_STDLIB_H 1
| #define HAVE_STRING_H 1
| #define HAVE_MEMORY_H 1
| #define HAVE_STRINGS_H 1
| #define HAVE_INTTYPES_H 1
| #define HAVE_STDINT_H 1
| #define HAVE_UNISTD_H 1
| #define HAVE_LIMITS_H 1
| #define MODULE_SCOPE extern __attribute__((__visibility__("hidden")))
| #define TCL_SHLIB_EXT ".so"
| #define TCL_CFG_OPTIMIZED 1
| #define TCL_CFG_DEBUG 1
| #define _LARGEFILE64_SOURCE 1
| /* end confdefs.h.  */
| #define _LARGEFILE_SOURCE64 1
| #include <sys/stat.h>
| int
| main ()
| {
| char *p = (char *)open64;
|   ;
|   return 0;
| }
configure:7538: result:  _LARGEFILE64_SOURCE
configure:7544: checking for 64-bit integer type
configure:7568: gcc-4 -c -DTCL_NO_STACK_CHECK -DTCL_NO_STACK_CHECK -pipe  conftest.c >&5
conftest.c: In function 'main':
conftest.c:29: error: '__int64' undeclared (first use in this function)
conftest.c:29: error: (Each undeclared identifier is reported only once
conftest.c:29: error: for each function it appears in.)
conftest.c:29: error: expected ';' before 'value'
configure:7574: $? = 1
configure: failed program was:
| /* confdefs.h.  */
| 
| #define PACKAGE_NAME "tk"
| #define PACKAGE_TARNAME "tk"
| #define PACKAGE_VERSION "8.5"
| #define PACKAGE_STRING "tk 8.5"
| #define PACKAGE_BUGREPORT ""
| #define STDC_HEADERS 1
| #define HAVE_SYS_TYPES_H 1
| #define HAVE_SYS_STAT_H 1
| #define HAVE_STDLIB_H 1
| #define HAVE_STRING_H 1
| #define HAVE_MEMORY_H 1
| #define HAVE_STRINGS_H 1
| #define HAVE_INTTYPES_H 1
| #define HAVE_STDINT_H 1
| #define HAVE_UNISTD_H 1
| #define HAVE_LIMITS_H 1
| #define MODULE_SCOPE extern __attribute__((__visibility__("hidden")))
| #define TCL_SHLIB_EXT ".so"
| #define TCL_CFG_OPTIMIZED 1
| #define TCL_CFG_DEBUG 1
| #define _LARGEFILE64_SOURCE 1
| /* end confdefs.h.  */
| 
| int
| main ()
| {
| __int64 value = (__int64) 0;
|   ;
|   return 0;
| }
configure:7618: gcc-4 -c -DTCL_NO_STACK_CHECK -DTCL_NO_STACK_CHECK -pipe  conftest.c >&5
configure:7624: $? = 0
configure:7628: test -z 
			 || test ! -s conftest.err
configure:7631: $? = 0
configure:7634: test -s conftest.o
configure:7637: $? = 0
configure:7662: result: long long
configure:7666: checking for struct dirent64
configure:7689: gcc-4 -c -DTCL_NO_STACK_CHECK -DTCL_NO_STACK_CHECK -pipe  conftest.c >&5
conftest.c:27:24: error: sys/dirent.h: No such file or directory
conftest.c: In function 'main':
conftest.c:31: error: storage size of 'p' isn't known
configure:7695: $? = 1
configure: failed program was:
| /* confdefs.h.  */
| 
| #define PACKAGE_NAME "tk"
| #define PACKAGE_TARNAME "tk"
| #define PACKAGE_VERSION "8.5"
| #define PACKAGE_STRING "tk 8.5"
| #define PACKAGE_BUGREPORT ""
| #define STDC_HEADERS 1
| #define HAVE_SYS_TYPES_H 1
| #define HAVE_SYS_STAT_H 1
| #define HAVE_STDLIB_H 1
| #define HAVE_STRING_H 1
| #define HAVE_MEMORY_H 1
| #define HAVE_STRINGS_H 1
| #define HAVE_INTTYPES_H 1
| #define HAVE_STDINT_H 1
| #define HAVE_UNISTD_H 1
| #define HAVE_LIMITS_H 1
| #define MODULE_SCOPE extern __attribute__((__visibility__("hidden")))
| #define TCL_SHLIB_EXT ".so"
| #define TCL_CFG_OPTIMIZED 1
| #define TCL_CFG_DEBUG 1
| #define _LARGEFILE64_SOURCE 1
| #define TCL_WIDE_INT_TYPE long long
| /* end confdefs.h.  */
| #include <sys/types.h>
| #include <sys/dirent.h>
| int
| main ()
| {
| struct dirent64 p;
|   ;
|   return 0;
| }
configure:7719: result: no
configure:7729: checking for struct stat64
configure:7752: gcc-4 -c -DTCL_NO_STACK_CHECK -DTCL_NO_STACK_CHECK -pipe  conftest.c >&5
configure:7758: $? = 0
configure:7762: test -z 
			 || test ! -s conftest.err
configure:7765: $? = 0
configure:7768: test -s conftest.o
configure:7771: $? = 0
configure:7782: result: yes
configure:7797: checking for open64
configure:7854: gcc-4 -o conftest -DTCL_NO_STACK_CHECK -DTCL_NO_STACK_CHECK -pipe   -Wl,--export-dynamic  conftest.c  >&5
configure:7860: $? = 0
configure:7864: test -z 
			 || test ! -s conftest.err
configure:7867: $? = 0
configure:7870: test -s conftest
configure:7873: $? = 0
configure:7885: result: yes
configure:7797: checking for lseek64
configure:7854: gcc-4 -o conftest -DTCL_NO_STACK_CHECK -DTCL_NO_STACK_CHECK -pipe   -Wl,--export-dynamic  conftest.c  >&5
configure:7860: $? = 0
configure:7864: test -z 
			 || test ! -s conftest.err
configure:7867: $? = 0
configure:7870: test -s conftest
configure:7873: $? = 0
configure:7885: result: yes
configure:7895: checking for off64_t
configure:7918: gcc-4 -c -DTCL_NO_STACK_CHECK -DTCL_NO_STACK_CHECK -pipe  conftest.c >&5
configure:7924: $? = 0
configure:7928: test -z 
			 || test ! -s conftest.err
configure:7931: $? = 0
configure:7934: test -s conftest.o
configure:7937: $? = 0
configure:7957: result: yes
configure:7970: checking whether byte ordering is bigendian
configure:7997: gcc-4 -c -DTCL_NO_STACK_CHECK -DTCL_NO_STACK_CHECK -pipe  conftest.c >&5
configure:8003: $? = 0
configure:8007: test -z 
			 || test ! -s conftest.err
configure:8010: $? = 0
configure:8013: test -s conftest.o
configure:8016: $? = 0
configure:8040: gcc-4 -c -DTCL_NO_STACK_CHECK -DTCL_NO_STACK_CHECK -pipe  conftest.c >&5
conftest.c: In function 'main':
conftest.c:37: error: 'not' undeclared (first use in this function)
conftest.c:37: error: (Each undeclared identifier is reported only once
conftest.c:37: error: for each function it appears in.)
conftest.c:37: error: expected ';' before 'big'
configure:8046: $? = 1
configure: failed program was:
| /* confdefs.h.  */
| 
| #define PACKAGE_NAME "tk"
| #define PACKAGE_TARNAME "tk"
| #define PACKAGE_VERSION "8.5"
| #define PACKAGE_STRING "tk 8.5"
| #define PACKAGE_BUGREPORT ""
| #define STDC_HEADERS 1
| #define HAVE_SYS_TYPES_H 1
| #define HAVE_SYS_STAT_H 1
| #define HAVE_STDLIB_H 1
| #define HAVE_STRING_H 1
| #define HAVE_MEMORY_H 1
| #define HAVE_STRINGS_H 1
| #define HAVE_INTTYPES_H 1
| #define HAVE_STDINT_H 1
| #define HAVE_UNISTD_H 1
| #define HAVE_LIMITS_H 1
| #define MODULE_SCOPE extern __attribute__((__visibility__("hidden")))
| #define TCL_SHLIB_EXT ".so"
| #define TCL_CFG_OPTIMIZED 1
| #define TCL_CFG_DEBUG 1
| #define _LARGEFILE64_SOURCE 1
| #define TCL_WIDE_INT_TYPE long long
| #define HAVE_STRUCT_STAT64 1
| #define HAVE_OPEN64 1
| #define HAVE_LSEEK64 1
| #define HAVE_TYPE_OFF64_T 1
| /* end confdefs.h.  */
| #include <sys/types.h>
| #include <sys/param.h>
| 
| int
| main ()
| {
| #if BYTE_ORDER != BIG_ENDIAN
|  not big endian
| #endif
| 
|   ;
|   return 0;
| }
configure:8181: result: no
configure:8231: checking for fd_set in sys/types
configure:8253: gcc-4 -c -DTCL_NO_STACK_CHECK -DTCL_NO_STACK_CHECK -pipe  conftest.c >&5
configure:8259: $? = 0
configure:8263: test -z 
			 || test ! -s conftest.err
configure:8266: $? = 0
configure:8269: test -s conftest.o
configure:8272: $? = 0
configure:8283: result: yes
configure:8348: checking sys/time.h usability
configure:8360: gcc-4 -c -DTCL_NO_STACK_CHECK -DTCL_NO_STACK_CHECK -pipe  conftest.c >&5
configure:8366: $? = 0
configure:8370: test -z 
			 || test ! -s conftest.err
configure:8373: $? = 0
configure:8376: test -s conftest.o
configure:8379: $? = 0
configure:8389: result: yes
configure:8393: checking sys/time.h presence
configure:8403: gcc-4 -E  conftest.c
configure:8409: $? = 0
configure:8429: result: yes
configure:8464: checking for sys/time.h
configure:8471: result: yes
configure:8484: checking whether time.h and sys/time.h may both be included
configure:8509: gcc-4 -c -DTCL_NO_STACK_CHECK -DTCL_NO_STACK_CHECK -pipe  conftest.c >&5
configure:8515: $? = 0
configure:8519: test -z 
			 || test ! -s conftest.err
configure:8522: $? = 0
configure:8525: test -s conftest.o
configure:8528: $? = 0
configure:8539: result: yes
configure:8558: checking for strtod
configure:8615: gcc-4 -o conftest -DTCL_NO_STACK_CHECK -DTCL_NO_STACK_CHECK -pipe   -Wl,--export-dynamic  conftest.c  >&5
configure:8621: $? = 0
configure:8625: test -z 
			 || test ! -s conftest.err
configure:8628: $? = 0
configure:8631: test -s conftest
configure:8634: $? = 0
configure:8646: result: yes
configure:8655: checking for Solaris2.4/Tru64 strtod bugs
configure:8692: gcc-4 -o conftest -DTCL_NO_STACK_CHECK -DTCL_NO_STACK_CHECK -pipe   -Wl,--export-dynamic  conftest.c  >&5
conftest.c: In function 'main':
conftest.c:40: warning: incompatible implicit declaration of built-in function 'exit'
conftest.c:44: warning: incompatible implicit declaration of built-in function 'exit'
conftest.c:48: warning: incompatible implicit declaration of built-in function 'exit'
conftest.c:50: warning: incompatible implicit declaration of built-in function 'exit'
configure:8695: $? = 0
configure:8697: ./conftest
configure:8700: $? = 0
configure:8714: result: ok
configure:8740: checking for mode_t
configure:8764: gcc-4 -c -DTCL_NO_STACK_CHECK -DTCL_NO_STACK_CHECK -pipe  conftest.c >&5
configure:8770: $? = 0
configure:8774: test -z 
			 || test ! -s conftest.err
configure:8777: $? = 0
configure:8780: test -s conftest.o
configure:8783: $? = 0
configure:8794: result: yes
configure:8806: checking for pid_t
configure:8830: gcc-4 -c -DTCL_NO_STACK_CHECK -DTCL_NO_STACK_CHECK -pipe  conftest.c >&5
configure:8836: $? = 0
configure:8840: test -z 
			 || test ! -s conftest.err
configure:8843: $? = 0
configure:8846: test -s conftest.o
configure:8849: $? = 0
configure:8860: result: yes
configure:8872: checking for size_t
configure:8896: gcc-4 -c -DTCL_NO_STACK_CHECK -DTCL_NO_STACK_CHECK -pipe  conftest.c >&5
configure:8902: $? = 0
configure:8906: test -z 
			 || test ! -s conftest.err
configure:8909: $? = 0
configure:8912: test -s conftest.o
configure:8915: $? = 0
configure:8926: result: yes
configure:8938: checking for uid_t in sys/types.h
configure:8961: result: yes
configure:8977: checking for intptr_t
configure:9001: gcc-4 -c -DTCL_NO_STACK_CHECK -DTCL_NO_STACK_CHECK -pipe  conftest.c >&5
configure:9007: $? = 0
configure:9011: test -z 
			 || test ! -s conftest.err
configure:9014: $? = 0
configure:9017: test -s conftest.o
configure:9020: $? = 0
configure:9031: result: yes
configure:9112: checking for uintptr_t
configure:9136: gcc-4 -c -DTCL_NO_STACK_CHECK -DTCL_NO_STACK_CHECK -pipe  conftest.c >&5
configure:9142: $? = 0
configure:9146: test -z 
			 || test ! -s conftest.err
configure:9149: $? = 0
configure:9152: test -s conftest.o
configure:9155: $? = 0
configure:9166: result: yes
configure:9253: checking pw_gecos in struct pwd
configure:9275: gcc-4 -c -DTCL_NO_STACK_CHECK -DTCL_NO_STACK_CHECK -pipe  conftest.c >&5
configure:9281: $? = 0
configure:9285: test -z 
			 || test ! -s conftest.err
configure:9288: $? = 0
configure:9291: test -s conftest.o
configure:9294: $? = 0
configure:9305: result: yes
configure:9814: checking for X
configure:9919: gcc-4 -E  conftest.c
configure:9925: $? = 0
configure:9975: gcc-4 -o conftest -DTCL_NO_STACK_CHECK -DTCL_NO_STACK_CHECK -pipe   -Wl,--export-dynamic  conftest.c -lX11  >&5
configure:9981: $? = 0
configure:9985: test -z 
			 || test ! -s conftest.err
configure:9988: $? = 0
configure:9991: test -s conftest
configure:9994: $? = 0
configure:10044: result: libraries , headers 
configure:10059: gcc-4 -E  conftest.c
conftest.c:35:28: error: X11/XIntrinsic.h: No such file or directory
configure:10065: $? = 1
configure: failed program was:
| /* confdefs.h.  */
| 
| #define PACKAGE_NAME "tk"
| #define PACKAGE_TARNAME "tk"
| #define PACKAGE_VERSION "8.5"
| #define PACKAGE_STRING "tk 8.5"
| #define PACKAGE_BUGREPORT ""
| #define STDC_HEADERS 1
| #define HAVE_SYS_TYPES_H 1
| #define HAVE_SYS_STAT_H 1
| #define HAVE_STDLIB_H 1
| #define HAVE_STRING_H 1
| #define HAVE_MEMORY_H 1
| #define HAVE_STRINGS_H 1
| #define HAVE_INTTYPES_H 1
| #define HAVE_STDINT_H 1
| #define HAVE_UNISTD_H 1
| #define HAVE_LIMITS_H 1
| #define MODULE_SCOPE extern __attribute__((__visibility__("hidden")))
| #define TCL_SHLIB_EXT ".so"
| #define TCL_CFG_OPTIMIZED 1
| #define TCL_CFG_DEBUG 1
| #define _LARGEFILE64_SOURCE 1
| #define TCL_WIDE_INT_TYPE long long
| #define HAVE_STRUCT_STAT64 1
| #define HAVE_OPEN64 1
| #define HAVE_LSEEK64 1
| #define HAVE_TYPE_OFF64_T 1
| #define HAVE_SYS_TIME_H 1
| #define TIME_WITH_SYS_TIME 1
| #define HAVE_INTPTR_T 1
| #define HAVE_UINTPTR_T 1
| #define HAVE_PW_GECOS 1
| /* end confdefs.h.  */
| #include <X11/XIntrinsic.h>
configure:10092: checking for X11 header files
configure:10103: gcc-4 -E  conftest.c
conftest.c:35:27: error: X11/Intrinsic.h: No such file or directory
configure:10109: $? = 1
configure: failed program was:
| /* confdefs.h.  */
| 
| #define PACKAGE_NAME "tk"
| #define PACKAGE_TARNAME "tk"
| #define PACKAGE_VERSION "8.5"
| #define PACKAGE_STRING "tk 8.5"
| #define PACKAGE_BUGREPORT ""
| #define STDC_HEADERS 1
| #define HAVE_SYS_TYPES_H 1
| #define HAVE_SYS_STAT_H 1
| #define HAVE_STDLIB_H 1
| #define HAVE_STRING_H 1
| #define HAVE_MEMORY_H 1
| #define HAVE_STRINGS_H 1
| #define HAVE_INTTYPES_H 1
| #define HAVE_STDINT_H 1
| #define HAVE_UNISTD_H 1
| #define HAVE_LIMITS_H 1
| #define MODULE_SCOPE extern __attribute__((__visibility__("hidden")))
| #define TCL_SHLIB_EXT ".so"
| #define TCL_CFG_OPTIMIZED 1
| #define TCL_CFG_DEBUG 1
| #define _LARGEFILE64_SOURCE 1
| #define TCL_WIDE_INT_TYPE long long
| #define HAVE_STRUCT_STAT64 1
| #define HAVE_OPEN64 1
| #define HAVE_LSEEK64 1
| #define HAVE_TYPE_OFF64_T 1
| #define HAVE_SYS_TIME_H 1
| #define TIME_WITH_SYS_TIME 1
| #define HAVE_INTPTR_T 1
| #define HAVE_UINTPTR_T 1
| #define HAVE_PW_GECOS 1
| /* end confdefs.h.  */
| #include <X11/Intrinsic.h>
configure:10292: checking for main in -lXbsd
configure:10316: gcc-4 -o conftest -DTCL_NO_STACK_CHECK -DTCL_NO_STACK_CHECK -pipe   -Wl,--export-dynamic  conftest.c -lXbsd   >&5
/usr/bin/ld: cannot find -lXbsd
collect2: ld returned 1 exit status
configure:10322: $? = 1
configure: failed program was:
| /* confdefs.h.  */
| 
| #define PACKAGE_NAME "tk"
| #define PACKAGE_TARNAME "tk"
| #define PACKAGE_VERSION "8.5"
| #define PACKAGE_STRING "tk 8.5"
| #define PACKAGE_BUGREPORT ""
| #define STDC_HEADERS 1
| #define HAVE_SYS_TYPES_H 1
| #define HAVE_SYS_STAT_H 1
| #define HAVE_STDLIB_H 1
| #define HAVE_STRING_H 1
| #define HAVE_MEMORY_H 1
| #define HAVE_STRINGS_H 1
| #define HAVE_INTTYPES_H 1
| #define HAVE_STDINT_H 1
| #define HAVE_UNISTD_H 1
| #define HAVE_LIMITS_H 1
| #define MODULE_SCOPE extern __attribute__((__visibility__("hidden")))
| #define TCL_SHLIB_EXT ".so"
| #define TCL_CFG_OPTIMIZED 1
| #define TCL_CFG_DEBUG 1
| #define _LARGEFILE64_SOURCE 1
| #define TCL_WIDE_INT_TYPE long long
| #define HAVE_STRUCT_STAT64 1
| #define HAVE_OPEN64 1
| #define HAVE_LSEEK64 1
| #define HAVE_TYPE_OFF64_T 1
| #define HAVE_SYS_TIME_H 1
| #define TIME_WITH_SYS_TIME 1
| #define HAVE_INTPTR_T 1
| #define HAVE_UINTPTR_T 1
| #define HAVE_PW_GECOS 1
| /* end confdefs.h.  */
| 
| 
| int
| main ()
| {
| main ();
|   ;
|   return 0;
| }
configure:10348: result: no
configure:10447: checking whether to try to use XScreenSaver
configure:10460: result: yes
configure:10462: checking for X11/extensions/scrnsaver.h
configure:10478: gcc-4 -c -DTCL_NO_STACK_CHECK -DTCL_NO_STACK_CHECK -pipe   conftest.c >&5
conftest.c:37:38: error: X11/extensions/scrnsaver.h: No such file or directory
configure:10484: $? = 1
configure: failed program was:
| /* confdefs.h.  */
| 
| #define PACKAGE_NAME "tk"
| #define PACKAGE_TARNAME "tk"
| #define PACKAGE_VERSION "8.5"
| #define PACKAGE_STRING "tk 8.5"
| #define PACKAGE_BUGREPORT ""
| #define STDC_HEADERS 1
| #define HAVE_SYS_TYPES_H 1
| #define HAVE_SYS_STAT_H 1
| #define HAVE_STDLIB_H 1
| #define HAVE_STRING_H 1
| #define HAVE_MEMORY_H 1
| #define HAVE_STRINGS_H 1
| #define HAVE_INTTYPES_H 1
| #define HAVE_STDINT_H 1
| #define HAVE_UNISTD_H 1
| #define HAVE_LIMITS_H 1
| #define MODULE_SCOPE extern __attribute__((__visibility__("hidden")))
| #define TCL_SHLIB_EXT ".so"
| #define TCL_CFG_OPTIMIZED 1
| #define TCL_CFG_DEBUG 1
| #define _LARGEFILE64_SOURCE 1
| #define TCL_WIDE_INT_TYPE long long
| #define HAVE_STRUCT_STAT64 1
| #define HAVE_OPEN64 1
| #define HAVE_LSEEK64 1
| #define HAVE_TYPE_OFF64_T 1
| #define HAVE_SYS_TIME_H 1
| #define TIME_WITH_SYS_TIME 1
| #define HAVE_INTPTR_T 1
| #define HAVE_UINTPTR_T 1
| #define HAVE_PW_GECOS 1
| /* end confdefs.h.  */
| #include <X11/Xlib.h>
| 
| #include <X11/extensions/scrnsaver.h>
configure:10508: result: no
configure:10517: checking for XScreenSaverQueryInfo
configure:10574: gcc-4 -o conftest -DTCL_NO_STACK_CHECK -DTCL_NO_STACK_CHECK -pipe    -Wl,--export-dynamic  conftest.c  -lX11 >&5
/tmp/ccHimRzk.o: In function `main':
conftest.c:(.text+0x9): undefined reference to `XScreenSaverQueryInfo'
/tmp/ccHimRzk.o:(.data+0x0): undefined reference to `XScreenSaverQueryInfo'
collect2: ld returned 1 exit status
configure:10580: $? = 1
configure: failed program was:
| /* confdefs.h.  */
| 
| #define PACKAGE_NAME "tk"
| #define PACKAGE_TARNAME "tk"
| #define PACKAGE_VERSION "8.5"
| #define PACKAGE_STRING "tk 8.5"
| #define PACKAGE_BUGREPORT ""
| #define STDC_HEADERS 1
| #define HAVE_SYS_TYPES_H 1
| #define HAVE_SYS_STAT_H 1
| #define HAVE_STDLIB_H 1
| #define HAVE_STRING_H 1
| #define HAVE_MEMORY_H 1
| #define HAVE_STRINGS_H 1
| #define HAVE_INTTYPES_H 1
| #define HAVE_STDINT_H 1
| #define HAVE_UNISTD_H 1
| #define HAVE_LIMITS_H 1
| #define MODULE_SCOPE extern __attribute__((__visibility__("hidden")))
| #define TCL_SHLIB_EXT ".so"
| #define TCL_CFG_OPTIMIZED 1
| #define TCL_CFG_DEBUG 1
| #define _LARGEFILE64_SOURCE 1
| #define TCL_WIDE_INT_TYPE long long
| #define HAVE_STRUCT_STAT64 1
| #define HAVE_OPEN64 1
| #define HAVE_LSEEK64 1
| #define HAVE_TYPE_OFF64_T 1
| #define HAVE_SYS_TIME_H 1
| #define TIME_WITH_SYS_TIME 1
| #define HAVE_INTPTR_T 1
| #define HAVE_UINTPTR_T 1
| #define HAVE_PW_GECOS 1
| /* end confdefs.h.  */
| /* Define XScreenSaverQueryInfo to an innocuous variant, in case <limits.h> declares XScreenSaverQueryInfo.
|    For example, HP-UX 11i <limits.h> declares gettimeofday.  */
| #define XScreenSaverQueryInfo innocuous_XScreenSaverQueryInfo
| 
| /* System header to define __stub macros and hopefully few prototypes,
|     which can conflict with char XScreenSaverQueryInfo (); below.
|     Prefer <limits.h> to <assert.h> if __STDC__ is defined, since
|     <limits.h> exists even on freestanding compilers.  */
| 
| #ifdef __STDC__
| # include <limits.h>
| #else
| # include <assert.h>
| #endif
| 
| #undef XScreenSaverQueryInfo
| 
| /* Override any gcc2 internal prototype to avoid an error.  */
| #ifdef __cplusplus
| extern "C"
| {
| #endif
| /* We use char because int might match the return type of a gcc2
|    builtin and then its argument prototype would still apply.  */
| char XScreenSaverQueryInfo ();
| /* The GNU C library defines this for functions which it implements
|     to always fail with ENOSYS.  Some functions are actually named
|     something starting with __ and the normal name is an alias.  */
| #if defined (__stub_XScreenSaverQueryInfo) || defined (__stub___XScreenSaverQueryInfo)
| choke me
| #else
| char (*f) () = XScreenSaverQueryInfo;
| #endif
| #ifdef __cplusplus
| }
| #endif
| 
| int
| main ()
| {
| return f != XScreenSaverQueryInfo;
|   ;
|   return 0;
| }
configure:10605: result: no
configure:10611: checking for XScreenSaverQueryInfo in -lXext
configure:10641: gcc-4 -o conftest -DTCL_NO_STACK_CHECK -DTCL_NO_STACK_CHECK -pipe    -Wl,--export-dynamic  conftest.c -lXext   -lX11 >&5
/usr/bin/ld: cannot find -lXext
collect2: ld returned 1 exit status
configure:10647: $? = 1
configure: failed program was:
| /* confdefs.h.  */
| 
| #define PACKAGE_NAME "tk"
| #define PACKAGE_TARNAME "tk"
| #define PACKAGE_VERSION "8.5"
| #define PACKAGE_STRING "tk 8.5"
| #define PACKAGE_BUGREPORT ""
| #define STDC_HEADERS 1
| #define HAVE_SYS_TYPES_H 1
| #define HAVE_SYS_STAT_H 1
| #define HAVE_STDLIB_H 1
| #define HAVE_STRING_H 1
| #define HAVE_MEMORY_H 1
| #define HAVE_STRINGS_H 1
| #define HAVE_INTTYPES_H 1
| #define HAVE_STDINT_H 1
| #define HAVE_UNISTD_H 1
| #define HAVE_LIMITS_H 1
| #define MODULE_SCOPE extern __attribute__((__visibility__("hidden")))
| #define TCL_SHLIB_EXT ".so"
| #define TCL_CFG_OPTIMIZED 1
| #define TCL_CFG_DEBUG 1
| #define _LARGEFILE64_SOURCE 1
| #define TCL_WIDE_INT_TYPE long long
| #define HAVE_STRUCT_STAT64 1
| #define HAVE_OPEN64 1
| #define HAVE_LSEEK64 1
| #define HAVE_TYPE_OFF64_T 1
| #define HAVE_SYS_TIME_H 1
| #define TIME_WITH_SYS_TIME 1
| #define HAVE_INTPTR_T 1
| #define HAVE_UINTPTR_T 1
| #define HAVE_PW_GECOS 1
| /* end confdefs.h.  */
| 
| /* Override any gcc2 internal prototype to avoid an error.  */
| #ifdef __cplusplus
| extern "C"
| #endif
| /* We use char because int might match the return type of a gcc2
|    builtin and then its argument prototype would still apply.  */
| char XScreenSaverQueryInfo ();
| int
| main ()
| {
| XScreenSaverQueryInfo ();
|   ;
|   return 0;
| }
configure:10673: result: no
configure:10682: checking for XScreenSaverQueryInfo in -lXss
configure:10712: gcc-4 -o conftest -DTCL_NO_STACK_CHECK -DTCL_NO_STACK_CHECK -pipe    -Wl,--export-dynamic  conftest.c -lXss -lXext  -lX11 >&5
/usr/bin/ld: cannot find -lXss
collect2: ld returned 1 exit status
configure:10718: $? = 1
configure: failed program was:
| /* confdefs.h.  */
| 
| #define PACKAGE_NAME "tk"
| #define PACKAGE_TARNAME "tk"
| #define PACKAGE_VERSION "8.5"
| #define PACKAGE_STRING "tk 8.5"
| #define PACKAGE_BUGREPORT ""
| #define STDC_HEADERS 1
| #define HAVE_SYS_TYPES_H 1
| #define HAVE_SYS_STAT_H 1
| #define HAVE_STDLIB_H 1
| #define HAVE_STRING_H 1
| #define HAVE_MEMORY_H 1
| #define HAVE_STRINGS_H 1
| #define HAVE_INTTYPES_H 1
| #define HAVE_STDINT_H 1
| #define HAVE_UNISTD_H 1
| #define HAVE_LIMITS_H 1
| #define MODULE_SCOPE extern __attribute__((__visibility__("hidden")))
| #define TCL_SHLIB_EXT ".so"
| #define TCL_CFG_OPTIMIZED 1
| #define TCL_CFG_DEBUG 1
| #define _LARGEFILE64_SOURCE 1
| #define TCL_WIDE_INT_TYPE long long
| #define HAVE_STRUCT_STAT64 1
| #define HAVE_OPEN64 1
| #define HAVE_LSEEK64 1
| #define HAVE_TYPE_OFF64_T 1
| #define HAVE_SYS_TIME_H 1
| #define TIME_WITH_SYS_TIME 1
| #define HAVE_INTPTR_T 1
| #define HAVE_UINTPTR_T 1
| #define HAVE_PW_GECOS 1
| /* end confdefs.h.  */
| 
| /* Override any gcc2 internal prototype to avoid an error.  */
| #ifdef __cplusplus
| extern "C"
| #endif
| /* We use char because int might match the return type of a gcc2
|    builtin and then its argument prototype would still apply.  */
| char XScreenSaverQueryInfo ();
| int
| main ()
| {
| XScreenSaverQueryInfo ();
|   ;
|   return 0;
| }
configure:10744: result: no
configure:10782: checking whether to use xft
configure:10805: result: yes
configure:10812: checking for X11/Xft/Xft.h
configure:10828: gcc-4 -c -DTCL_NO_STACK_CHECK -DTCL_NO_STACK_CHECK -pipe  -I/usr/include -I/usr/include/freetype2  conftest.c >&5
configure:10834: $? = 0
configure:10838: test -z 
			 || test ! -s conftest.err
configure:10841: $? = 0
configure:10844: test -s conftest.o
configure:10847: $? = 0
configure:10858: result: yes
configure:10878: checking for FT_New_Face in -lXft
configure:10908: gcc-4 -o conftest -DTCL_NO_STACK_CHECK -DTCL_NO_STACK_CHECK -pipe  -I/usr/include -I/usr/include/freetype2   -Wl,--export-dynamic  conftest.c -lXft   -lXft -lX11 -lfreetype -lfontconfig -lXrender -lX11 -lX11 >&5
configure:10914: $? = 0
configure:10918: test -z 
			 || test ! -s conftest.err
configure:10921: $? = 0
configure:10924: test -s conftest
configure:10927: $? = 0
configure:10940: result: yes
configure:10991: checking whether char is unsigned
configure:11014: gcc-4 -c -DTCL_NO_STACK_CHECK -DTCL_NO_STACK_CHECK -pipe  conftest.c >&5
configure:11020: $? = 0
configure:11024: test -z 
			 || test ! -s conftest.err
configure:11027: $? = 0
configure:11030: test -s conftest.o
configure:11033: $? = 0
configure:11044: result: no
configure:11431: creating ./config.status

## ---------------------- ##
## Running config.status. ##
## ---------------------- ##

This file was extended by tk config.status 8.5, which was
generated by GNU Autoconf 2.59.  Invocation command line was

  CONFIG_FILES    = 
  CONFIG_HEADERS  = 
  CONFIG_LINKS    = 
  CONFIG_COMMANDS = 
  $ ./config.status 

on ubuntu

config.status:736: creating Makefile
config.status:736: creating tkConfig.sh

## ---------------- ##
## Cache variables. ##
## ---------------- ##

ac_cv_c_bigendian=no
ac_cv_c_char_unsigned=no
ac_cv_c_compiler_gnu=yes
ac_cv_c_tclconfig=/home/oide/SAD/oldsad/obj/i386-Linux2/tcl8.5.8/unix
ac_cv_env_CC_set=set
ac_cv_env_CC_value=gcc-4
ac_cv_env_CFLAGS_set=set
ac_cv_env_CFLAGS_value='-DTCL_NO_STACK_CHECK -DTCL_NO_STACK_CHECK'
ac_cv_env_CPPFLAGS_set=
ac_cv_env_CPPFLAGS_value=
ac_cv_env_CPP_set=
ac_cv_env_CPP_value=
ac_cv_env_LDFLAGS_set=
ac_cv_env_LDFLAGS_value=
ac_cv_env_build_alias_set=
ac_cv_env_build_alias_value=
ac_cv_env_host_alias_set=
ac_cv_env_host_alias_value=
ac_cv_env_target_alias_set=
ac_cv_env_target_alias_value=
ac_cv_exeext=
ac_cv_func_XScreenSaverQueryInfo=no
ac_cv_func_lseek64=yes
ac_cv_func_open64=yes
ac_cv_func_strtod=yes
ac_cv_have_x='have_x=yes 		ac_x_includes= ac_x_libraries='
ac_cv_header_X11_Xft_Xft_h=yes
ac_cv_header_X11_extensions_scrnsaver_h=no
ac_cv_header_inttypes_h=yes
ac_cv_header_limits_h=yes
ac_cv_header_memory_h=yes
ac_cv_header_stdc=yes
ac_cv_header_stdint_h=yes
ac_cv_header_stdlib_h=yes
ac_cv_header_string_h=yes
ac_cv_header_strings_h=yes
ac_cv_header_sys_stat_h=yes
ac_cv_header_sys_time_h=yes
ac_cv_header_sys_types_h=yes
ac_cv_header_time=yes
ac_cv_header_unistd_h=yes
ac_cv_lib_Xbsd_main=no
ac_cv_lib_Xext_XScreenSaverQueryInfo=no
ac_cv_lib_Xft_FT_New_Face=yes
ac_cv_lib_Xss_XScreenSaverQueryInfo=no
ac_cv_lib_dl_dlopen=yes
ac_cv_objext=o
ac_cv_path_tclsh=/usr/bin/tclsh8.4
ac_cv_prog_AR=ar
ac_cv_prog_CPP='gcc-4 -E'
ac_cv_prog_ac_ct_CC=gcc-4
ac_cv_prog_ac_ct_RANLIB=ranlib
ac_cv_prog_cc_g=yes
ac_cv_prog_cc_stdc=
ac_cv_prog_egrep='grep -E'
ac_cv_type_intptr_t=yes
ac_cv_type_mode_t=yes
ac_cv_type_pid_t=yes
ac_cv_type_size_t=yes
ac_cv_type_uid_t=yes
ac_cv_type_uintptr_t=yes
tcl_cv_cc_pipe=yes
tcl_cv_cc_visibility_hidden=yes
tcl_cv_flag__isoc99_source=no
tcl_cv_flag__largefile64_source=yes
tcl_cv_flag__largefile_source64=no
tcl_cv_pwd_pw_gecos=yes
tcl_cv_strtod_buggy=ok
tcl_cv_struct_dirent64=no
tcl_cv_struct_stat64=yes
tcl_cv_sys_version=Linux-2.6.32-25-generic
tcl_cv_type_64bit='long long'
tcl_cv_type_fd_set=yes
tcl_cv_type_off64_t=yes

## ----------------- ##
## Output variables. ##
## ----------------- ##

APP_RSRC_FILE=''
AR='ar'
BUILD_TCLSH='/home/oide/SAD/oldsad/obj/i386-Linux2/tcl8.5.8/unix/tclsh'
CC='gcc-4'
CC_SEARCH_FLAGS='-Wl,-rpath,${LIB_RUNTIME_DIR}'
CFBUNDLELOCALIZATIONS=''
CFLAGS='-DTCL_NO_STACK_CHECK -DTCL_NO_STACK_CHECK -pipe '
CFLAGS_DEBUG='-g'
CFLAGS_DEFAULT='$(CFLAGS_OPTIMIZE)'
CFLAGS_OPTIMIZE='-O2'
CFLAGS_WARNING='-Wall'
CPP='gcc-4 -E'
CPPFLAGS=''
DEFS='-DPACKAGE_NAME=\"tk\" -DPACKAGE_TARNAME=\"tk\" -DPACKAGE_VERSION=\"8.5\" -DPACKAGE_STRING=\"tk\ 8.5\" -DPACKAGE_BUGREPORT=\"\" -DSTDC_HEADERS=1 -DHAVE_SYS_TYPES_H=1 -DHAVE_SYS_STAT_H=1 -DHAVE_STDLIB_H=1 -DHAVE_STRING_H=1 -DHAVE_MEMORY_H=1 -DHAVE_STRINGS_H=1 -DHAVE_INTTYPES_H=1 -DHAVE_STDINT_H=1 -DHAVE_UNISTD_H=1 -DHAVE_LIMITS_H=1 -DMODULE_SCOPE=extern\ __attribute__\(\(__visibility__\(\"hidden\"\)\)\) -DTCL_SHLIB_EXT=\".so\" -DTCL_CFG_OPTIMIZED=1 -DTCL_CFG_DEBUG=1 -D_LARGEFILE64_SOURCE=1 -DTCL_WIDE_INT_TYPE=long\ long -DHAVE_STRUCT_STAT64=1 -DHAVE_OPEN64=1 -DHAVE_LSEEK64=1 -DHAVE_TYPE_OFF64_T=1 -DHAVE_SYS_TIME_H=1 -DTIME_WITH_SYS_TIME=1 -DHAVE_INTPTR_T=1 -DHAVE_UINTPTR_T=1 -DHAVE_PW_GECOS=1 -DHAVE_LIBXFT=1 -DHAVE_XFT=1 '
DL_LIBS='-ldl'
DL_OBJS='tclLoadDl.o'
ECHO_C=''
ECHO_N='-n'
ECHO_T=''
EGREP='grep -E'
EXEEXT=''
EXTRA_APP_CC_SWITCHES=''
EXTRA_BUILD_HTML=''
EXTRA_CC_SWITCHES=''
EXTRA_INSTALL=''
EXTRA_INSTALL_BINARIES=''
EXTRA_WISH_LIBS=''
HTML_DIR='$(DISTDIR)/html'
INSTALL_LIB='$(INSTALL_LIBRARY) $(LIB_FILE) "$(LIB_INSTALL_DIR)"/$(LIB_FILE)'
INSTALL_STUB_LIB='$(INSTALL_LIBRARY) $(STUB_LIB_FILE) "$(LIB_INSTALL_DIR)"/$(STUB_LIB_FILE) ; (cd "$(LIB_INSTALL_DIR)" ; $(RANLIB) $(STUB_LIB_FILE))'
LDAIX_SRC=''
LDFLAGS=' -Wl,--export-dynamic '
LDFLAGS_DEBUG=''
LDFLAGS_DEFAULT='$(LDFLAGS_OPTIMIZE)'
LDFLAGS_OPTIMIZE=''
LD_LIBRARY_PATH_VAR='LD_LIBRARY_PATH'
LD_SEARCH_FLAGS='-Wl,-rpath,${LIB_RUNTIME_DIR}'
LIBOBJS=''
LIBS=''
LIB_RSRC_FILE=''
LOCALES='cs da de el en en_gb eo es fr hu it nl pl pt ru sv'
LTLIBOBJS=''
MAKE_LIB='${SHLIB_LD} -o $@ ${OBJS} ${SHLIB_LD_LIBS} ${TCL_SHLIB_LD_EXTRAS} ${TK_SHLIB_LD_EXTRAS} ${LD_SEARCH_FLAGS}'
MAKE_STUB_LIB='${STLIB_LD} $@ ${STUB_LIB_OBJS} ; ${RANLIB} $@'
MAN_FLAGS=''
OBJEXT='o'
PACKAGE_BUGREPORT=''
PACKAGE_NAME='tk'
PACKAGE_STRING='tk 8.5'
PACKAGE_TARNAME='tk'
PACKAGE_VERSION='8.5'
PATH_SEPARATOR=':'
PLAT_OBJS=''
PLAT_SRCS=''
PRIVATE_INCLUDE_DIR='$(includedir)'
RANLIB='ranlib'
REZ=''
REZ_FLAGS=''
SHELL='/bin/bash'
SHLIB_CFLAGS='-fPIC'
SHLIB_LD='${CC} -shared ${CFLAGS} ${LDFLAGS}'
SHLIB_LD_LIBS='${LIBS} ${TCL_STUB_LIB_SPEC}'
SHLIB_SUFFIX='.so'
STLIB_LD='${AR} cr'
TCLSH_PROG='/usr/bin/tclsh8.4'
TCL_BIN_DIR='/home/oide/SAD/oldsad/obj/i386-Linux2/tcl8.5.8/unix'
TCL_LIBS='-ldl  -lieee -lm'
TCL_LIB_FILE='libtcl8.5.so'
TCL_LIB_FLAG='-ltcl8.5'
TCL_LIB_SPEC='-L/home/oide/SAD/oldsad/obj/i386-Linux2/tcl8.5.8/unix -ltcl8.5'
TCL_PATCH_LEVEL='.8'
TCL_SHLIB_LD_EXTRAS=''
TCL_SRC_DIR='/home/oide/SAD/oldsad/obj/i386-Linux2/tcl8.5.8'
TCL_STUB_FLAGS='-DUSE_TCL_STUBS'
TCL_STUB_LIB_FILE='libtclstub8.5.a'
TCL_STUB_LIB_FLAG='-ltclstub8.5'
TCL_STUB_LIB_SPEC='-L/home/oide/SAD/oldsad/obj/i386-Linux2/tcl8.5.8/unix -ltclstub8.5'
TCL_THREADS='0'
TCL_VERSION='8.5'
TK_BUILD_EXP_FILE=''
TK_BUILD_LIB_SPEC='-L/home/oide/SAD/oldsad/obj/i386-Linux2/tk8.5.8/unix -ltk8.5'
TK_BUILD_STUB_LIB_PATH='/home/oide/SAD/oldsad/obj/i386-Linux2/tk8.5.8/unix/libtkstub8.5.a'
TK_BUILD_STUB_LIB_SPEC='-L/home/oide/SAD/oldsad/obj/i386-Linux2/tk8.5.8/unix -ltkstub8.5'
TK_EXP_FILE=''
TK_INCLUDE_SPEC='-I/home/oide/SAD/oldsad/arch/i386-Linux2/include'
TK_LIBRARY='$(prefix)/lib/tk$(VERSION)'
TK_LIB_FILE='libtk8.5.so'
TK_LIB_FLAG='-ltk8.5'
TK_LIB_SPEC='-L/home/oide/SAD/oldsad/arch/i386-Linux2/lib -ltk8.5'
TK_MAJOR_VERSION='8'
TK_MINOR_VERSION='5'
TK_PATCH_LEVEL='.8'
TK_PKG_DIR='tk$(VERSION)'
TK_RSRC_FILE='tk$(VERSION).rsrc'
TK_SHARED_BUILD='1'
TK_SHLIB_LD_EXTRAS=''
TK_SRC_DIR='/home/oide/SAD/oldsad/obj/i386-Linux2/tk8.5.8'
TK_STUB_LIB_FILE='libtkstub8.5.a'
TK_STUB_LIB_FLAG='-ltkstub8.5'
TK_STUB_LIB_PATH='/home/oide/SAD/oldsad/arch/i386-Linux2/lib/libtkstub8.5.a'
TK_STUB_LIB_SPEC='-L/home/oide/SAD/oldsad/arch/i386-Linux2/lib -ltkstub8.5'
TK_VERSION='8.5'
TK_WINDOWINGSYSTEM='X11'
TK_YEAR=''
UNIX_FONT_OBJS='tkUnixRFont.o'
WISH_RSRC_FILE='wish$(VERSION).rsrc'
XFT_CFLAGS='-I/usr/include -I/usr/include/freetype2'
XFT_LIBS='-lXft -lX11 -lfreetype -lfontconfig -lXrender -lX11'
XINCLUDES=''
XLIBSW='-lX11'
ac_ct_CC='gcc-4'
ac_ct_RANLIB='ranlib'
bindir='${exec_prefix}/bin'
build_alias=''
datadir='${prefix}/share'
exec_prefix='/home/oide/SAD/oldsad/arch/i386-Linux2'
host_alias=''
includedir='${prefix}/include'
infodir='${prefix}/info'
libdir='/home/oide/SAD/oldsad/arch/i386-Linux2/lib'
libexecdir='${exec_prefix}/libexec'
localstatedir='${prefix}/var'
mandir='${prefix}/man'
oldincludedir='/usr/include'
prefix='/home/oide/SAD/oldsad/arch/i386-Linux2'
program_transform_name='s,x,x,'
sbindir='${exec_prefix}/sbin'
sharedstatedir='${prefix}/com'
sysconfdir='${prefix}/etc'
target_alias=''

## ----------- ##
## confdefs.h. ##
## ----------- ##

#define HAVE_INTPTR_T 1
#define HAVE_INTTYPES_H 1
#define HAVE_LIBXFT 1
#define HAVE_LIMITS_H 1
#define HAVE_LSEEK64 1
#define HAVE_MEMORY_H 1
#define HAVE_OPEN64 1
#define HAVE_PW_GECOS 1
#define HAVE_STDINT_H 1
#define HAVE_STDLIB_H 1
#define HAVE_STRINGS_H 1
#define HAVE_STRING_H 1
#define HAVE_STRUCT_STAT64 1
#define HAVE_SYS_STAT_H 1
#define HAVE_SYS_TIME_H 1
#define HAVE_SYS_TYPES_H 1
#define HAVE_TYPE_OFF64_T 1
#define HAVE_UINTPTR_T 1
#define HAVE_UNISTD_H 1
#define HAVE_XFT 1
#define MODULE_SCOPE extern __attribute__((__visibility__("hidden")))
#define PACKAGE_BUGREPORT ""
#define PACKAGE_NAME "tk"
#define PACKAGE_STRING "tk 8.5"
#define PACKAGE_TARNAME "tk"
#define PACKAGE_VERSION "8.5"
#define STDC_HEADERS 1
#define TCL_CFG_DEBUG 1
#define TCL_CFG_OPTIMIZED 1
#define TCL_SHLIB_EXT ".so"
#define TCL_WIDE_INT_TYPE long long
#define TIME_WITH_SYS_TIME 1
#define _LARGEFILE64_SOURCE 1

configure: exit 0
