This file contains any messages produced by compilers while
running configure, to aid debugging if configure makes a mistake.

It was created by tcl configure 8.5, which was
generated by GNU Autoconf 2.59.  Invocation command line was

  $ ./configure --prefix=/home/oide/SAD/oldsad/arch/i386-Linux2 --enable-xft --enable-shared

## --------- ##
## Platform. ##
## --------- ##

hostname = ubuntu
uname -m = i686
uname -r = 2.6.32-25-generic
uname -s = Linux
uname -v = #43-Ubuntu SMP Wed Sep 1 09:46:39 UTC 2010

/usr/bin/uname -p = unknown
/bin/uname -X     = unknown

/bin/arch              = unknown
/usr/bin/arch -k       = unknown
/usr/convex/getsysinfo = unknown
hostinfo               = unknown
/bin/machine           = unknown
/usr/bin/oslevel       = unknown
/bin/universe          = unknown

PATH: /Users/oide/SAD/oldsad/bin
PATH: /Users/oide/bin/powerpc-apple-darwin
PATH: /Users/oide/bin
PATH: /sw/bin
PATH: /sw/sbin
PATH: /usr/local/bin
PATH: /usr/bin
PATH: /bin
PATH: /usr/local/sbin
PATH: /usr/sbin
PATH: /sbin
PATH: /usr/X11R6/bin
PATH: /usr/texbin


## ----------- ##
## Core tests. ##
## ----------- ##

configure:1360: checking whether to use symlinks for manpages
configure:1369: result: no
configure:1372: checking whether to compress the manpages
configure:1387: result: no
configure:1401: checking whether to add a package name suffix for the manpages
configure:1414: result: no
configure:1476: checking for gcc
configure:1502: result: gcc-4
configure:1746: checking for C compiler version
configure:1749: gcc-4 --version </dev/null >&5
gcc-4 (Ubuntu 4.4.3-4ubuntu5) 4.4.3
Copyright (C) 2009 Free Software Foundation, Inc.
This is free software; see the source for copying conditions.  There is NO
warranty; not even for MERCHANTABILITY or FITNESS FOR A PARTICULAR PURPOSE.

configure:1752: $? = 0
configure:1754: gcc-4 -v </dev/null >&5
Using built-in specs.
Target: i486-linux-gnu
Configured with: ../src/configure -v --with-pkgversion='Ubuntu 4.4.3-4ubuntu5' --with-bugurl=file:///usr/share/doc/gcc-4.4/README.Bugs --enable-languages=c,c++,fortran,objc,obj-c++ --prefix=/usr --enable-shared --enable-multiarch --enable-linker-build-id --with-system-zlib --libexecdir=/usr/lib --without-included-gettext --enable-threads=posix --with-gxx-include-dir=/usr/include/c++/4.4 --program-suffix=-4.4 --enable-nls --enable-clocale=gnu --enable-libstdcxx-debug --enable-plugin --enable-objc-gc --enable-targets=all --disable-werror --with-arch-32=i486 --with-tune=generic --enable-checking=release --build=i486-linux-gnu --host=i486-linux-gnu --target=i486-linux-gnu
Thread model: posix
gcc version 4.4.3 (Ubuntu 4.4.3-4ubuntu5) 
configure:1757: $? = 0
configure:1759: gcc-4 -V </dev/null >&5
gcc-4: '-V' option must have argument
configure:1762: $? = 1
configure:1785: checking for C compiler default output file name
configure:1788: gcc-4 -DTCL_NO_STACK_CHECK -DTCL_NO_STACK_CHECK   conftest.c  >&5
configure:1791: $? = 0
configure:1837: result: a.out
configure:1842: checking whether the C compiler works
configure:1848: ./a.out
configure:1851: $? = 0
configure:1868: result: yes
configure:1875: checking whether we are cross compiling
configure:1877: result: no
configure:1880: checking for suffix of executables
configure:1882: gcc-4 -o conftest -DTCL_NO_STACK_CHECK -DTCL_NO_STACK_CHECK   conftest.c  >&5
configure:1885: $? = 0
configure:1910: result: 
configure:1916: checking for suffix of object files
configure:1937: gcc-4 -c -DTCL_NO_STACK_CHECK -DTCL_NO_STACK_CHECK  conftest.c >&5
configure:1940: $? = 0
configure:1962: result: o
configure:1966: checking whether we are using the GNU C compiler
configure:1990: gcc-4 -c -DTCL_NO_STACK_CHECK -DTCL_NO_STACK_CHECK  conftest.c >&5
configure:1996: $? = 0
configure:2000: test -z 
			 || test ! -s conftest.err
configure:2003: $? = 0
configure:2006: test -s conftest.o
configure:2009: $? = 0
configure:2022: result: yes
configure:2028: checking whether gcc-4 accepts -g
configure:2049: gcc-4 -c -g  conftest.c >&5
configure:2055: $? = 0
configure:2059: test -z 
			 || test ! -s conftest.err
configure:2062: $? = 0
configure:2065: test -s conftest.o
configure:2068: $? = 0
configure:2079: result: yes
configure:2096: checking for gcc-4 option to accept ANSI C
configure:2166: gcc-4  -c -DTCL_NO_STACK_CHECK -DTCL_NO_STACK_CHECK  conftest.c >&5
configure:2172: $? = 0
configure:2176: test -z 
			 || test ! -s conftest.err
configure:2179: $? = 0
configure:2182: test -s conftest.o
configure:2185: $? = 0
configure:2203: result: none needed
configure:2221: gcc-4 -c -DTCL_NO_STACK_CHECK -DTCL_NO_STACK_CHECK  conftest.c >&5
conftest.c:2: error: expected '=', ',', ';', 'asm' or '__attribute__' before 'me'
configure:2227: $? = 1
configure: failed program was:
| #ifndef __cplusplus
|   choke me
| #endif
configure:2361: checking for inline
configure:2382: gcc-4 -c -DTCL_NO_STACK_CHECK -DTCL_NO_STACK_CHECK  conftest.c >&5
configure:2388: $? = 0
configure:2392: test -z 
			 || test ! -s conftest.err
configure:2395: $? = 0
configure:2398: test -s conftest.o
configure:2401: $? = 0
configure:2413: result: inline
configure:2447: checking how to run the C preprocessor
configure:2482: gcc-4 -E  conftest.c
configure:2488: $? = 0
configure:2520: gcc-4 -E  conftest.c
conftest.c:9:28: error: ac_nonexistent.h: No such file or directory
configure:2526: $? = 1
configure: failed program was:
| /* confdefs.h.  */
| 
| #define PACKAGE_NAME "tcl"
| #define PACKAGE_TARNAME "tcl"
| #define PACKAGE_VERSION "8.5"
| #define PACKAGE_STRING "tcl 8.5"
| #define PACKAGE_BUGREPORT ""
| /* end confdefs.h.  */
| #include <ac_nonexistent.h>
configure:2565: result: gcc-4 -E
configure:2589: gcc-4 -E  conftest.c
configure:2595: $? = 0
configure:2627: gcc-4 -E  conftest.c
conftest.c:9:28: error: ac_nonexistent.h: No such file or directory
configure:2633: $? = 1
configure: failed program was:
| /* confdefs.h.  */
| 
| #define PACKAGE_NAME "tcl"
| #define PACKAGE_TARNAME "tcl"
| #define PACKAGE_VERSION "8.5"
| #define PACKAGE_STRING "tcl 8.5"
| #define PACKAGE_BUGREPORT ""
| /* end confdefs.h.  */
| #include <ac_nonexistent.h>
configure:2677: checking for egrep
configure:2687: result: grep -E
configure:2692: checking for ANSI C header files
configure:2717: gcc-4 -c -DTCL_NO_STACK_CHECK -DTCL_NO_STACK_CHECK  conftest.c >&5
configure:2723: $? = 0
configure:2727: test -z 
			 || test ! -s conftest.err
configure:2730: $? = 0
configure:2733: test -s conftest.o
configure:2736: $? = 0
configure:2825: gcc-4 -o conftest -DTCL_NO_STACK_CHECK -DTCL_NO_STACK_CHECK   conftest.c  >&5
conftest.c: In function 'main':
conftest.c:26: warning: incompatible implicit declaration of built-in function 'exit'
configure:2828: $? = 0
configure:2830: ./conftest
configure:2833: $? = 0
configure:2848: result: yes
configure:2872: checking for sys/types.h
configure:2888: gcc-4 -c -DTCL_NO_STACK_CHECK -DTCL_NO_STACK_CHECK  conftest.c >&5
configure:2894: $? = 0
configure:2898: test -z 
			 || test ! -s conftest.err
configure:2901: $? = 0
configure:2904: test -s conftest.o
configure:2907: $? = 0
configure:2918: result: yes
configure:2872: checking for sys/stat.h
configure:2888: gcc-4 -c -DTCL_NO_STACK_CHECK -DTCL_NO_STACK_CHECK  conftest.c >&5
configure:2894: $? = 0
configure:2898: test -z 
			 || test ! -s conftest.err
configure:2901: $? = 0
configure:2904: test -s conftest.o
configure:2907: $? = 0
configure:2918: result: yes
configure:2872: checking for stdlib.h
configure:2888: gcc-4 -c -DTCL_NO_STACK_CHECK -DTCL_NO_STACK_CHECK  conftest.c >&5
configure:2894: $? = 0
configure:2898: test -z 
			 || test ! -s conftest.err
configure:2901: $? = 0
configure:2904: test -s conftest.o
configure:2907: $? = 0
configure:2918: result: yes
configure:2872: checking for string.h
configure:2888: gcc-4 -c -DTCL_NO_STACK_CHECK -DTCL_NO_STACK_CHECK  conftest.c >&5
configure:2894: $? = 0
configure:2898: test -z 
			 || test ! -s conftest.err
configure:2901: $? = 0
configure:2904: test -s conftest.o
configure:2907: $? = 0
configure:2918: result: yes
configure:2872: checking for memory.h
configure:2888: gcc-4 -c -DTCL_NO_STACK_CHECK -DTCL_NO_STACK_CHECK  conftest.c >&5
configure:2894: $? = 0
configure:2898: test -z 
			 || test ! -s conftest.err
configure:2901: $? = 0
configure:2904: test -s conftest.o
configure:2907: $? = 0
configure:2918: result: yes
configure:2872: checking for strings.h
configure:2888: gcc-4 -c -DTCL_NO_STACK_CHECK -DTCL_NO_STACK_CHECK  conftest.c >&5
configure:2894: $? = 0
configure:2898: test -z 
			 || test ! -s conftest.err
configure:2901: $? = 0
configure:2904: test -s conftest.o
configure:2907: $? = 0
configure:2918: result: yes
configure:2872: checking for inttypes.h
configure:2888: gcc-4 -c -DTCL_NO_STACK_CHECK -DTCL_NO_STACK_CHECK  conftest.c >&5
configure:2894: $? = 0
configure:2898: test -z 
			 || test ! -s conftest.err
configure:2901: $? = 0
configure:2904: test -s conftest.o
configure:2907: $? = 0
configure:2918: result: yes
configure:2872: checking for stdint.h
configure:2888: gcc-4 -c -DTCL_NO_STACK_CHECK -DTCL_NO_STACK_CHECK  conftest.c >&5
configure:2894: $? = 0
configure:2898: test -z 
			 || test ! -s conftest.err
configure:2901: $? = 0
configure:2904: test -s conftest.o
configure:2907: $? = 0
configure:2918: result: yes
configure:2872: checking for unistd.h
configure:2888: gcc-4 -c -DTCL_NO_STACK_CHECK -DTCL_NO_STACK_CHECK  conftest.c >&5
configure:2894: $? = 0
configure:2898: test -z 
			 || test ! -s conftest.err
configure:2901: $? = 0
configure:2904: test -s conftest.o
configure:2907: $? = 0
configure:2918: result: yes
configure:2931: checking dirent.h
configure:2972: gcc-4 -o conftest -DTCL_NO_STACK_CHECK -DTCL_NO_STACK_CHECK   conftest.c  >&5
configure:2978: $? = 0
configure:2982: test -z 
			 || test ! -s conftest.err
configure:2985: $? = 0
configure:2988: test -s conftest
configure:2991: $? = 0
configure:3003: result: yes
configure:3024: checking float.h usability
configure:3036: gcc-4 -c -DTCL_NO_STACK_CHECK -DTCL_NO_STACK_CHECK  conftest.c >&5
configure:3042: $? = 0
configure:3046: test -z 
			 || test ! -s conftest.err
configure:3049: $? = 0
configure:3052: test -s conftest.o
configure:3055: $? = 0
configure:3065: result: yes
configure:3069: checking float.h presence
configure:3079: gcc-4 -E  conftest.c
configure:3085: $? = 0
configure:3105: result: yes
configure:3140: checking for float.h
configure:3147: result: yes
configure:3172: checking values.h usability
configure:3184: gcc-4 -c -DTCL_NO_STACK_CHECK -DTCL_NO_STACK_CHECK  conftest.c >&5
configure:3190: $? = 0
configure:3194: test -z 
			 || test ! -s conftest.err
configure:3197: $? = 0
configure:3200: test -s conftest.o
configure:3203: $? = 0
configure:3213: result: yes
configure:3217: checking values.h presence
configure:3227: gcc-4 -E  conftest.c
configure:3233: $? = 0
configure:3253: result: yes
configure:3288: checking for values.h
configure:3295: result: yes
configure:3320: checking limits.h usability
configure:3332: gcc-4 -c -DTCL_NO_STACK_CHECK -DTCL_NO_STACK_CHECK  conftest.c >&5
configure:3338: $? = 0
configure:3342: test -z 
			 || test ! -s conftest.err
configure:3345: $? = 0
configure:3348: test -s conftest.o
configure:3351: $? = 0
configure:3361: result: yes
configure:3365: checking limits.h presence
configure:3375: gcc-4 -E  conftest.c
configure:3381: $? = 0
configure:3401: result: yes
configure:3436: checking for limits.h
configure:3443: result: yes
configure:3463: checking for stdlib.h
configure:3468: result: yes
configure:3665: checking for string.h
configure:3670: result: yes
configure:3864: checking sys/wait.h usability
configure:3876: gcc-4 -c -DTCL_NO_STACK_CHECK -DTCL_NO_STACK_CHECK  conftest.c >&5
configure:3882: $? = 0
configure:3886: test -z 
			 || test ! -s conftest.err
configure:3889: $? = 0
configure:3892: test -s conftest.o
configure:3895: $? = 0
configure:3905: result: yes
configure:3909: checking sys/wait.h presence
configure:3919: gcc-4 -E  conftest.c
configure:3925: $? = 0
configure:3945: result: yes
configure:3980: checking for sys/wait.h
configure:3987: result: yes
configure:4012: checking dlfcn.h usability
configure:4024: gcc-4 -c -DTCL_NO_STACK_CHECK -DTCL_NO_STACK_CHECK  conftest.c >&5
configure:4030: $? = 0
configure:4034: test -z 
			 || test ! -s conftest.err
configure:4037: $? = 0
configure:4040: test -s conftest.o
configure:4043: $? = 0
configure:4053: result: yes
configure:4057: checking dlfcn.h presence
configure:4067: gcc-4 -E  conftest.c
configure:4073: $? = 0
configure:4093: result: yes
configure:4128: checking for dlfcn.h
configure:4135: result: yes
configure:4166: checking sys/param.h usability
configure:4178: gcc-4 -c -DTCL_NO_STACK_CHECK -DTCL_NO_STACK_CHECK  conftest.c >&5
configure:4184: $? = 0
configure:4188: test -z 
			 || test ! -s conftest.err
configure:4191: $? = 0
configure:4194: test -s conftest.o
configure:4197: $? = 0
configure:4207: result: yes
configure:4211: checking sys/param.h presence
configure:4221: gcc-4 -E  conftest.c
configure:4227: $? = 0
configure:4247: result: yes
configure:4282: checking for sys/param.h
configure:4289: result: yes
configure:4310: checking if the compiler understands -pipe
configure:4333: gcc-4 -c -DTCL_NO_STACK_CHECK -DTCL_NO_STACK_CHECK -pipe  conftest.c >&5
configure:4339: $? = 0
configure:4343: test -z 
			 || test ! -s conftest.err
configure:4346: $? = 0
configure:4349: test -s conftest.o
configure:4352: $? = 0
configure:4364: result: yes
configure:5283: checking for building with threads
configure:5299: result: no (default)
configure:5345: checking for sin
configure:5402: gcc-4 -o conftest -DTCL_NO_STACK_CHECK -DTCL_NO_STACK_CHECK -pipe   conftest.c  >&5
conftest.c:46: warning: conflicting types for built-in function 'sin'
/tmp/ccy8DQ13.o: In function `main':
conftest.c:(.text+0x9): undefined reference to `sin'
/tmp/ccy8DQ13.o:(.data+0x0): undefined reference to `sin'
collect2: ld returned 1 exit status
configure:5408: $? = 1
configure: failed program was:
| /* confdefs.h.  */
| 
| #define PACKAGE_NAME "tcl"
| #define PACKAGE_TARNAME "tcl"
| #define PACKAGE_VERSION "8.5"
| #define PACKAGE_STRING "tcl 8.5"
| #define PACKAGE_BUGREPORT ""
| #define STDC_HEADERS 1
| #define HAVE_SYS_TYPES_H 1
| #define HAVE_SYS_STAT_H 1
| #define HAVE_STDLIB_H 1
| #define HAVE_STRING_H 1
| #define HAVE_MEMORY_H 1
| #define HAVE_STRINGS_H 1
| #define HAVE_INTTYPES_H 1
| #define HAVE_STDINT_H 1
| #define HAVE_UNISTD_H 1
| #define HAVE_LIMITS_H 1
| #define HAVE_SYS_PARAM_H 1
| #define TCL_CFGVAL_ENCODING "iso8859-1"
| /* end confdefs.h.  */
| /* Define sin to an innocuous variant, in case <limits.h> declares sin.
|    For example, HP-UX 11i <limits.h> declares gettimeofday.  */
| #define sin innocuous_sin
| 
| /* System header to define __stub macros and hopefully few prototypes,
|     which can conflict with char sin (); below.
|     Prefer <limits.h> to <assert.h> if __STDC__ is defined, since
|     <limits.h> exists even on freestanding compilers.  */
| 
| #ifdef __STDC__
| # include <limits.h>
| #else
| # include <assert.h>
| #endif
| 
| #undef sin
| 
| /* Override any gcc2 internal prototype to avoid an error.  */
| #ifdef __cplusplus
| extern "C"
| {
| #endif
| /* We use char because int might match the return type of a gcc2
|    builtin and then its argument prototype would still apply.  */
| char sin ();
| /* The GNU C library defines this for functions which it implements
|     to always fail with ENOSYS.  Some functions are actually named
|     something starting with __ and the normal name is an alias.  */
| #if defined (__stub_sin) || defined (__stub___sin)
| choke me
| #else
| char (*f) () = sin;
| #endif
| #ifdef __cplusplus
| }
| #endif
| 
| int
| main ()
| {
| return f != sin;
|   ;
|   return 0;
| }
configure:5433: result: no
configure:5441: checking for main in -lieee
configure:5465: gcc-4 -o conftest -DTCL_NO_STACK_CHECK -DTCL_NO_STACK_CHECK -pipe   conftest.c -lieee   >&5
configure:5471: $? = 0
configure:5475: test -z 
			 || test ! -s conftest.err
configure:5478: $? = 0
configure:5481: test -s conftest
configure:5484: $? = 0
configure:5497: result: yes
configure:5509: checking for main in -linet
configure:5533: gcc-4 -o conftest -DTCL_NO_STACK_CHECK -DTCL_NO_STACK_CHECK -pipe   conftest.c -linet   >&5
/usr/bin/ld: cannot find -linet
collect2: ld returned 1 exit status
configure:5539: $? = 1
configure: failed program was:
| /* confdefs.h.  */
| 
| #define PACKAGE_NAME "tcl"
| #define PACKAGE_TARNAME "tcl"
| #define PACKAGE_VERSION "8.5"
| #define PACKAGE_STRING "tcl 8.5"
| #define PACKAGE_BUGREPORT ""
| #define STDC_HEADERS 1
| #define HAVE_SYS_TYPES_H 1
| #define HAVE_SYS_STAT_H 1
| #define HAVE_STDLIB_H 1
| #define HAVE_STRING_H 1
| #define HAVE_MEMORY_H 1
| #define HAVE_STRINGS_H 1
| #define HAVE_INTTYPES_H 1
| #define HAVE_STDINT_H 1
| #define HAVE_UNISTD_H 1
| #define HAVE_LIMITS_H 1
| #define HAVE_SYS_PARAM_H 1
| #define TCL_CFGVAL_ENCODING "iso8859-1"
| /* end confdefs.h.  */
| 
| 
| int
| main ()
| {
| main ();
|   ;
|   return 0;
| }
configure:5565: result: no
configure:5581: checking net/errno.h usability
configure:5593: gcc-4 -c -DTCL_NO_STACK_CHECK -DTCL_NO_STACK_CHECK -pipe  conftest.c >&5
conftest.c:56:23: error: net/errno.h: No such file or directory
configure:5599: $? = 1
configure: failed program was:
| /* confdefs.h.  */
| 
| #define PACKAGE_NAME "tcl"
| #define PACKAGE_TARNAME "tcl"
| #define PACKAGE_VERSION "8.5"
| #define PACKAGE_STRING "tcl 8.5"
| #define PACKAGE_BUGREPORT ""
| #define STDC_HEADERS 1
| #define HAVE_SYS_TYPES_H 1
| #define HAVE_SYS_STAT_H 1
| #define HAVE_STDLIB_H 1
| #define HAVE_STRING_H 1
| #define HAVE_MEMORY_H 1
| #define HAVE_STRINGS_H 1
| #define HAVE_INTTYPES_H 1
| #define HAVE_STDINT_H 1
| #define HAVE_UNISTD_H 1
| #define HAVE_LIMITS_H 1
| #define HAVE_SYS_PARAM_H 1
| #define TCL_CFGVAL_ENCODING "iso8859-1"
| /* end confdefs.h.  */
| #include <stdio.h>
| #if HAVE_SYS_TYPES_H
| # include <sys/types.h>
| #endif
| #if HAVE_SYS_STAT_H
| # include <sys/stat.h>
| #endif
| #if STDC_HEADERS
| # include <stdlib.h>
| # include <stddef.h>
| #else
| # if HAVE_STDLIB_H
| #  include <stdlib.h>
| # endif
| #endif
| #if HAVE_STRING_H
| # if !STDC_HEADERS && HAVE_MEMORY_H
| #  include <memory.h>
| # endif
| # include <string.h>
| #endif
| #if HAVE_STRINGS_H
| # include <strings.h>
| #endif
| #if HAVE_INTTYPES_H
| # include <inttypes.h>
| #else
| # if HAVE_STDINT_H
| #  include <stdint.h>
| # endif
| #endif
| #if HAVE_UNISTD_H
| # include <unistd.h>
| #endif
| #include <net/errno.h>
configure:5622: result: no
configure:5626: checking net/errno.h presence
configure:5636: gcc-4 -E  conftest.c
conftest.c:22:23: error: net/errno.h: No such file or directory
configure:5642: $? = 1
configure: failed program was:
| /* confdefs.h.  */
| 
| #define PACKAGE_NAME "tcl"
| #define PACKAGE_TARNAME "tcl"
| #define PACKAGE_VERSION "8.5"
| #define PACKAGE_STRING "tcl 8.5"
| #define PACKAGE_BUGREPORT ""
| #define STDC_HEADERS 1
| #define HAVE_SYS_TYPES_H 1
| #define HAVE_SYS_STAT_H 1
| #define HAVE_STDLIB_H 1
| #define HAVE_STRING_H 1
| #define HAVE_MEMORY_H 1
| #define HAVE_STRINGS_H 1
| #define HAVE_INTTYPES_H 1
| #define HAVE_STDINT_H 1
| #define HAVE_UNISTD_H 1
| #define HAVE_LIMITS_H 1
| #define HAVE_SYS_PARAM_H 1
| #define TCL_CFGVAL_ENCODING "iso8859-1"
| /* end confdefs.h.  */
| #include <net/errno.h>
configure:5662: result: no
configure:5697: checking for net/errno.h
configure:5704: result: no
configure:5738: checking for connect
configure:5795: gcc-4 -o conftest -DTCL_NO_STACK_CHECK -DTCL_NO_STACK_CHECK -pipe   conftest.c  >&5
configure:5801: $? = 0
configure:5805: test -z 
			 || test ! -s conftest.err
configure:5808: $? = 0
configure:5811: test -s conftest
configure:5814: $? = 0
configure:5826: result: yes
configure:6101: checking for gethostbyname
configure:6158: gcc-4 -o conftest -DTCL_NO_STACK_CHECK -DTCL_NO_STACK_CHECK -pipe   conftest.c  >&5
configure:6164: $? = 0
configure:6168: test -z 
			 || test ! -s conftest.err
configure:6171: $? = 0
configure:6174: test -s conftest
configure:6177: $? = 0
configure:6189: result: yes
configure:6270: checking how to build libraries
configure:6288: result: shared
configure:6350: checking for ranlib
configure:6366: found /usr/bin/ranlib
configure:6377: result: ranlib
configure:6393: checking if 64bit support is requested
configure:6402: result: no
configure:6407: checking if 64bit Sparc VIS support is requested
configure:6416: result: no
configure:6427: checking if compiler supports visibility "hidden"
configure:6452: gcc-4 -o conftest -DTCL_NO_STACK_CHECK -DTCL_NO_STACK_CHECK -pipe -Werror   conftest.c  >&5
configure:6458: $? = 0
configure:6462: test -z 
			 || test ! -s conftest.err
configure:6465: $? = 0
configure:6468: test -s conftest
configure:6471: $? = 0
configure:6484: result: yes
configure:6499: checking if rpath support is requested
configure:6508: result: yes
configure:6515: checking system version
configure:6543: result: Linux-2.6.32-25-generic
configure:6551: checking for dlopen in -ldl
configure:6581: gcc-4 -o conftest -DTCL_NO_STACK_CHECK -DTCL_NO_STACK_CHECK -pipe   conftest.c -ldl   >&5
configure:6587: $? = 0
configure:6591: test -z 
			 || test ! -s conftest.err
configure:6594: $? = 0
configure:6597: test -s conftest
configure:6600: $? = 0
configure:6613: result: yes
configure:6659: checking for ar
configure:6675: found /usr/bin/ar
configure:6685: result: ar
configure:8947: checking for build with symbols
configure:8961: result: no
configure:9033: checking for required early compiler flags
configure:9056: gcc-4 -c -DTCL_NO_STACK_CHECK -DTCL_NO_STACK_CHECK -pipe  conftest.c >&5
configure:9062: $? = 0
configure:9066: test -z 
			 || test ! -s conftest.err
configure:9069: $? = 0
configure:9072: test -s conftest.o
configure:9075: $? = 0
configure:9161: gcc-4 -c -DTCL_NO_STACK_CHECK -DTCL_NO_STACK_CHECK -pipe  conftest.c >&5
conftest.c: In function 'main':
conftest.c:32: error: storage size of 'buf' isn't known
configure:9167: $? = 1
configure: failed program was:
| /* confdefs.h.  */
| 
| #define PACKAGE_NAME "tcl"
| #define PACKAGE_TARNAME "tcl"
| #define PACKAGE_VERSION "8.5"
| #define PACKAGE_STRING "tcl 8.5"
| #define PACKAGE_BUGREPORT ""
| #define STDC_HEADERS 1
| #define HAVE_SYS_TYPES_H 1
| #define HAVE_SYS_STAT_H 1
| #define HAVE_STDLIB_H 1
| #define HAVE_STRING_H 1
| #define HAVE_MEMORY_H 1
| #define HAVE_STRINGS_H 1
| #define HAVE_INTTYPES_H 1
| #define HAVE_STDINT_H 1
| #define HAVE_UNISTD_H 1
| #define HAVE_LIMITS_H 1
| #define HAVE_SYS_PARAM_H 1
| #define TCL_CFGVAL_ENCODING "iso8859-1"
| #define MODULE_SCOPE extern __attribute__((__visibility__("hidden")))
| #define TCL_SHLIB_EXT ".so"
| #define TCL_CFG_OPTIMIZED 1
| #define TCL_CFG_DEBUG 1
| #define TCL_TOMMATH 1
| #define MP_PREC 4
| /* end confdefs.h.  */
| #include <sys/stat.h>
| int
| main ()
| {
| struct stat64 buf; int i = stat64("/", &buf);
|   ;
|   return 0;
| }
configure:9204: gcc-4 -c -DTCL_NO_STACK_CHECK -DTCL_NO_STACK_CHECK -pipe  conftest.c >&5
configure:9210: $? = 0
configure:9214: test -z 
			 || test ! -s conftest.err
configure:9217: $? = 0
configure:9220: test -s conftest.o
configure:9223: $? = 0
configure:9266: gcc-4 -c -DTCL_NO_STACK_CHECK -DTCL_NO_STACK_CHECK -pipe  conftest.c >&5
conftest.c: In function 'main':
conftest.c:33: error: 'open64' undeclared (first use in this function)
conftest.c:33: error: (Each undeclared identifier is reported only once
conftest.c:33: error: for each function it appears in.)
configure:9272: $? = 1
configure: failed program was:
| /* confdefs.h.  */
| 
| #define PACKAGE_NAME "tcl"
| #define PACKAGE_TARNAME "tcl"
| #define PACKAGE_VERSION "8.5"
| #define PACKAGE_STRING "tcl 8.5"
| #define PACKAGE_BUGREPORT ""
| #define STDC_HEADERS 1
| #define HAVE_SYS_TYPES_H 1
| #define HAVE_SYS_STAT_H 1
| #define HAVE_STDLIB_H 1
| #define HAVE_STRING_H 1
| #define HAVE_MEMORY_H 1
| #define HAVE_STRINGS_H 1
| #define HAVE_INTTYPES_H 1
| #define HAVE_STDINT_H 1
| #define HAVE_UNISTD_H 1
| #define HAVE_LIMITS_H 1
| #define HAVE_SYS_PARAM_H 1
| #define TCL_CFGVAL_ENCODING "iso8859-1"
| #define MODULE_SCOPE extern __attribute__((__visibility__("hidden")))
| #define TCL_SHLIB_EXT ".so"
| #define TCL_CFG_OPTIMIZED 1
| #define TCL_CFG_DEBUG 1
| #define TCL_TOMMATH 1
| #define MP_PREC 4
| #define _LARGEFILE64_SOURCE 1
| /* end confdefs.h.  */
| #include <sys/stat.h>
| int
| main ()
| {
| char *p = (char *)open64;
|   ;
|   return 0;
| }
configure:9309: gcc-4 -c -DTCL_NO_STACK_CHECK -DTCL_NO_STACK_CHECK -pipe  conftest.c >&5
conftest.c: In function 'main':
conftest.c:34: error: 'open64' undeclared (first use in this function)
conftest.c:34: error: (Each undeclared identifier is reported only once
conftest.c:34: error: for each function it appears in.)
configure:9315: $? = 1
configure: failed program was:
| /* confdefs.h.  */
| 
| #define PACKAGE_NAME "tcl"
| #define PACKAGE_TARNAME "tcl"
| #define PACKAGE_VERSION "8.5"
| #define PACKAGE_STRING "tcl 8.5"
| #define PACKAGE_BUGREPORT ""
| #define STDC_HEADERS 1
| #define HAVE_SYS_TYPES_H 1
| #define HAVE_SYS_STAT_H 1
| #define HAVE_STDLIB_H 1
| #define HAVE_STRING_H 1
| #define HAVE_MEMORY_H 1
| #define HAVE_STRINGS_H 1
| #define HAVE_INTTYPES_H 1
| #define HAVE_STDINT_H 1
| #define HAVE_UNISTD_H 1
| #define HAVE_LIMITS_H 1
| #define HAVE_SYS_PARAM_H 1
| #define TCL_CFGVAL_ENCODING "iso8859-1"
| #define MODULE_SCOPE extern __attribute__((__visibility__("hidden")))
| #define TCL_SHLIB_EXT ".so"
| #define TCL_CFG_OPTIMIZED 1
| #define TCL_CFG_DEBUG 1
| #define TCL_TOMMATH 1
| #define MP_PREC 4
| #define _LARGEFILE64_SOURCE 1
| /* end confdefs.h.  */
| #define _LARGEFILE_SOURCE64 1
| #include <sys/stat.h>
| int
| main ()
| {
| char *p = (char *)open64;
|   ;
|   return 0;
| }
configure:9355: result:  _LARGEFILE64_SOURCE
configure:9361: checking for 64-bit integer type
configure:9385: gcc-4 -c -DTCL_NO_STACK_CHECK -DTCL_NO_STACK_CHECK -pipe  conftest.c >&5
conftest.c: In function 'main':
conftest.c:33: error: '__int64' undeclared (first use in this function)
conftest.c:33: error: (Each undeclared identifier is reported only once
conftest.c:33: error: for each function it appears in.)
conftest.c:33: error: expected ';' before 'value'
configure:9391: $? = 1
configure: failed program was:
| /* confdefs.h.  */
| 
| #define PACKAGE_NAME "tcl"
| #define PACKAGE_TARNAME "tcl"
| #define PACKAGE_VERSION "8.5"
| #define PACKAGE_STRING "tcl 8.5"
| #define PACKAGE_BUGREPORT ""
| #define STDC_HEADERS 1
| #define HAVE_SYS_TYPES_H 1
| #define HAVE_SYS_STAT_H 1
| #define HAVE_STDLIB_H 1
| #define HAVE_STRING_H 1
| #define HAVE_MEMORY_H 1
| #define HAVE_STRINGS_H 1
| #define HAVE_INTTYPES_H 1
| #define HAVE_STDINT_H 1
| #define HAVE_UNISTD_H 1
| #define HAVE_LIMITS_H 1
| #define HAVE_SYS_PARAM_H 1
| #define TCL_CFGVAL_ENCODING "iso8859-1"
| #define MODULE_SCOPE extern __attribute__((__visibility__("hidden")))
| #define TCL_SHLIB_EXT ".so"
| #define TCL_CFG_OPTIMIZED 1
| #define TCL_CFG_DEBUG 1
| #define TCL_TOMMATH 1
| #define MP_PREC 4
| #define _LARGEFILE64_SOURCE 1
| /* end confdefs.h.  */
| 
| int
| main ()
| {
| __int64 value = (__int64) 0;
|   ;
|   return 0;
| }
configure:9435: gcc-4 -c -DTCL_NO_STACK_CHECK -DTCL_NO_STACK_CHECK -pipe  conftest.c >&5
configure:9441: $? = 0
configure:9445: test -z 
			 || test ! -s conftest.err
configure:9448: $? = 0
configure:9451: test -s conftest.o
configure:9454: $? = 0
configure:9479: result: long long
configure:9483: checking for struct dirent64
configure:9506: gcc-4 -c -DTCL_NO_STACK_CHECK -DTCL_NO_STACK_CHECK -pipe  conftest.c >&5
conftest.c:31:24: error: sys/dirent.h: No such file or directory
conftest.c: In function 'main':
conftest.c:35: error: storage size of 'p' isn't known
configure:9512: $? = 1
configure: failed program was:
| /* confdefs.h.  */
| 
| #define PACKAGE_NAME "tcl"
| #define PACKAGE_TARNAME "tcl"
| #define PACKAGE_VERSION "8.5"
| #define PACKAGE_STRING "tcl 8.5"
| #define PACKAGE_BUGREPORT ""
| #define STDC_HEADERS 1
| #define HAVE_SYS_TYPES_H 1
| #define HAVE_SYS_STAT_H 1
| #define HAVE_STDLIB_H 1
| #define HAVE_STRING_H 1
| #define HAVE_MEMORY_H 1
| #define HAVE_STRINGS_H 1
| #define HAVE_INTTYPES_H 1
| #define HAVE_STDINT_H 1
| #define HAVE_UNISTD_H 1
| #define HAVE_LIMITS_H 1
| #define HAVE_SYS_PARAM_H 1
| #define TCL_CFGVAL_ENCODING "iso8859-1"
| #define MODULE_SCOPE extern __attribute__((__visibility__("hidden")))
| #define TCL_SHLIB_EXT ".so"
| #define TCL_CFG_OPTIMIZED 1
| #define TCL_CFG_DEBUG 1
| #define TCL_TOMMATH 1
| #define MP_PREC 4
| #define _LARGEFILE64_SOURCE 1
| #define TCL_WIDE_INT_TYPE long long
| /* end confdefs.h.  */
| #include <sys/types.h>
| #include <sys/dirent.h>
| int
| main ()
| {
| struct dirent64 p;
|   ;
|   return 0;
| }
configure:9536: result: no
configure:9546: checking for struct stat64
configure:9569: gcc-4 -c -DTCL_NO_STACK_CHECK -DTCL_NO_STACK_CHECK -pipe  conftest.c >&5
configure:9575: $? = 0
configure:9579: test -z 
			 || test ! -s conftest.err
configure:9582: $? = 0
configure:9585: test -s conftest.o
configure:9588: $? = 0
configure:9599: result: yes
configure:9614: checking for open64
configure:9671: gcc-4 -o conftest -DTCL_NO_STACK_CHECK -DTCL_NO_STACK_CHECK -pipe   -Wl,--export-dynamic  conftest.c  >&5
configure:9677: $? = 0
configure:9681: test -z 
			 || test ! -s conftest.err
configure:9684: $? = 0
configure:9687: test -s conftest
configure:9690: $? = 0
configure:9702: result: yes
configure:9614: checking for lseek64
configure:9671: gcc-4 -o conftest -DTCL_NO_STACK_CHECK -DTCL_NO_STACK_CHECK -pipe   -Wl,--export-dynamic  conftest.c  >&5
configure:9677: $? = 0
configure:9681: test -z 
			 || test ! -s conftest.err
configure:9684: $? = 0
configure:9687: test -s conftest
configure:9690: $? = 0
configure:9702: result: yes
configure:9712: checking for off64_t
configure:9735: gcc-4 -c -DTCL_NO_STACK_CHECK -DTCL_NO_STACK_CHECK -pipe  conftest.c >&5
configure:9741: $? = 0
configure:9745: test -z 
			 || test ! -s conftest.err
configure:9748: $? = 0
configure:9751: test -s conftest.o
configure:9754: $? = 0
configure:9774: result: yes
configure:9788: checking whether byte ordering is bigendian
configure:9815: gcc-4 -c -DTCL_NO_STACK_CHECK -DTCL_NO_STACK_CHECK -pipe  conftest.c >&5
configure:9821: $? = 0
configure:9825: test -z 
			 || test ! -s conftest.err
configure:9828: $? = 0
configure:9831: test -s conftest.o
configure:9834: $? = 0
configure:9858: gcc-4 -c -DTCL_NO_STACK_CHECK -DTCL_NO_STACK_CHECK -pipe  conftest.c >&5
conftest.c: In function 'main':
conftest.c:41: error: 'not' undeclared (first use in this function)
conftest.c:41: error: (Each undeclared identifier is reported only once
conftest.c:41: error: for each function it appears in.)
conftest.c:41: error: expected ';' before 'big'
configure:9864: $? = 1
configure: failed program was:
| /* confdefs.h.  */
| 
| #define PACKAGE_NAME "tcl"
| #define PACKAGE_TARNAME "tcl"
| #define PACKAGE_VERSION "8.5"
| #define PACKAGE_STRING "tcl 8.5"
| #define PACKAGE_BUGREPORT ""
| #define STDC_HEADERS 1
| #define HAVE_SYS_TYPES_H 1
| #define HAVE_SYS_STAT_H 1
| #define HAVE_STDLIB_H 1
| #define HAVE_STRING_H 1
| #define HAVE_MEMORY_H 1
| #define HAVE_STRINGS_H 1
| #define HAVE_INTTYPES_H 1
| #define HAVE_STDINT_H 1
| #define HAVE_UNISTD_H 1
| #define HAVE_LIMITS_H 1
| #define HAVE_SYS_PARAM_H 1
| #define TCL_CFGVAL_ENCODING "iso8859-1"
| #define MODULE_SCOPE extern __attribute__((__visibility__("hidden")))
| #define TCL_SHLIB_EXT ".so"
| #define TCL_CFG_OPTIMIZED 1
| #define TCL_CFG_DEBUG 1
| #define TCL_TOMMATH 1
| #define MP_PREC 4
| #define _LARGEFILE64_SOURCE 1
| #define TCL_WIDE_INT_TYPE long long
| #define HAVE_STRUCT_STAT64 1
| #define HAVE_OPEN64 1
| #define HAVE_LSEEK64 1
| #define HAVE_TYPE_OFF64_T 1
| /* end confdefs.h.  */
| #include <sys/types.h>
| #include <sys/param.h>
| 
| int
| main ()
| {
| #if BYTE_ORDER != BIG_ENDIAN
|  not big endian
| #endif
| 
|   ;
|   return 0;
| }
configure:9999: result: no
configure:10029: checking for getcwd
configure:10086: gcc-4 -o conftest -DTCL_NO_STACK_CHECK -DTCL_NO_STACK_CHECK -pipe   -Wl,--export-dynamic  conftest.c  >&5
configure:10092: $? = 0
configure:10096: test -z 
			 || test ! -s conftest.err
configure:10099: $? = 0
configure:10102: test -s conftest
configure:10105: $? = 0
configure:10117: result: yes
configure:10142: checking for opendir
configure:10199: gcc-4 -o conftest -DTCL_NO_STACK_CHECK -DTCL_NO_STACK_CHECK -pipe   -Wl,--export-dynamic  conftest.c  >&5
configure:10205: $? = 0
configure:10209: test -z 
			 || test ! -s conftest.err
configure:10212: $? = 0
configure:10215: test -s conftest
configure:10218: $? = 0
configure:10230: result: yes
configure:10142: checking for strtol
configure:10199: gcc-4 -o conftest -DTCL_NO_STACK_CHECK -DTCL_NO_STACK_CHECK -pipe   -Wl,--export-dynamic  conftest.c  >&5
configure:10205: $? = 0
configure:10209: test -z 
			 || test ! -s conftest.err
configure:10212: $? = 0
configure:10215: test -s conftest
configure:10218: $? = 0
configure:10230: result: yes
configure:10142: checking for waitpid
configure:10199: gcc-4 -o conftest -DTCL_NO_STACK_CHECK -DTCL_NO_STACK_CHECK -pipe   -Wl,--export-dynamic  conftest.c  >&5
configure:10205: $? = 0
configure:10209: test -z 
			 || test ! -s conftest.err
configure:10212: $? = 0
configure:10215: test -s conftest
configure:10218: $? = 0
configure:10230: result: yes
configure:10250: checking for strerror
configure:10307: gcc-4 -o conftest -DTCL_NO_STACK_CHECK -DTCL_NO_STACK_CHECK -pipe   -Wl,--export-dynamic  conftest.c  >&5
configure:10313: $? = 0
configure:10317: test -z 
			 || test ! -s conftest.err
configure:10320: $? = 0
configure:10323: test -s conftest
configure:10326: $? = 0
configure:10338: result: yes
configure:10350: checking for getwd
configure:10407: gcc-4 -o conftest -DTCL_NO_STACK_CHECK -DTCL_NO_STACK_CHECK -pipe   -Wl,--export-dynamic  conftest.c  >&5
/tmp/ccACQZcM.o: In function `main':
conftest.c:(.text+0x9): warning: the `getwd' function is dangerous and should not be used.
configure:10413: $? = 0
configure:10417: test -z 
			 || test ! -s conftest.err
configure:10420: $? = 0
configure:10423: test -s conftest
configure:10426: $? = 0
configure:10438: result: yes
configure:10450: checking for wait3
configure:10507: gcc-4 -o conftest -DTCL_NO_STACK_CHECK -DTCL_NO_STACK_CHECK -pipe   -Wl,--export-dynamic  conftest.c  >&5
configure:10513: $? = 0
configure:10517: test -z 
			 || test ! -s conftest.err
configure:10520: $? = 0
configure:10523: test -s conftest
configure:10526: $? = 0
configure:10538: result: yes
configure:10550: checking for uname
configure:10607: gcc-4 -o conftest -DTCL_NO_STACK_CHECK -DTCL_NO_STACK_CHECK -pipe   -Wl,--export-dynamic  conftest.c  >&5
configure:10613: $? = 0
configure:10617: test -z 
			 || test ! -s conftest.err
configure:10620: $? = 0
configure:10623: test -s conftest
configure:10626: $? = 0
configure:10638: result: yes
configure:10657: checking for realpath
configure:10714: gcc-4 -o conftest -DTCL_NO_STACK_CHECK -DTCL_NO_STACK_CHECK -pipe   -Wl,--export-dynamic  conftest.c  >&5
configure:10720: $? = 0
configure:10724: test -z 
			 || test ! -s conftest.err
configure:10727: $? = 0
configure:10730: test -s conftest
configure:10733: $? = 0
configure:10745: result: yes
configure:10758: checking for getaddrinfo
configure:10815: gcc-4 -o conftest -DTCL_NO_STACK_CHECK -DTCL_NO_STACK_CHECK -pipe   -Wl,--export-dynamic  conftest.c  >&5
configure:10821: $? = 0
configure:10825: test -z 
			 || test ! -s conftest.err
configure:10828: $? = 0
configure:10831: test -s conftest
configure:10834: $? = 0
configure:10846: result: yes
configure:10850: checking for working getaddrinfo
configure:10879: gcc-4 -c -DTCL_NO_STACK_CHECK -DTCL_NO_STACK_CHECK -pipe  conftest.c >&5
configure:10885: $? = 0
configure:10889: test -z 
			 || test ! -s conftest.err
configure:10892: $? = 0
configure:10895: test -s conftest.o
configure:10898: $? = 0
configure:10909: result: yes
configure:12544: checking sys/modem.h usability
configure:12556: gcc-4 -c -DTCL_NO_STACK_CHECK -DTCL_NO_STACK_CHECK -pipe  conftest.c >&5
conftest.c:73:23: error: sys/modem.h: No such file or directory
configure:12562: $? = 1
configure: failed program was:
| /* confdefs.h.  */
| 
| #define PACKAGE_NAME "tcl"
| #define PACKAGE_TARNAME "tcl"
| #define PACKAGE_VERSION "8.5"
| #define PACKAGE_STRING "tcl 8.5"
| #define PACKAGE_BUGREPORT ""
| #define STDC_HEADERS 1
| #define HAVE_SYS_TYPES_H 1
| #define HAVE_SYS_STAT_H 1
| #define HAVE_STDLIB_H 1
| #define HAVE_STRING_H 1
| #define HAVE_MEMORY_H 1
| #define HAVE_STRINGS_H 1
| #define HAVE_INTTYPES_H 1
| #define HAVE_STDINT_H 1
| #define HAVE_UNISTD_H 1
| #define HAVE_LIMITS_H 1
| #define HAVE_SYS_PARAM_H 1
| #define TCL_CFGVAL_ENCODING "iso8859-1"
| #define MODULE_SCOPE extern __attribute__((__visibility__("hidden")))
| #define TCL_SHLIB_EXT ".so"
| #define TCL_CFG_OPTIMIZED 1
| #define TCL_CFG_DEBUG 1
| #define TCL_TOMMATH 1
| #define MP_PREC 4
| #define _LARGEFILE64_SOURCE 1
| #define TCL_WIDE_INT_TYPE long long
| #define HAVE_STRUCT_STAT64 1
| #define HAVE_OPEN64 1
| #define HAVE_LSEEK64 1
| #define HAVE_TYPE_OFF64_T 1
| #define HAVE_GETCWD 1
| #define HAVE_OPENDIR 1
| #define HAVE_STRTOL 1
| #define HAVE_WAITPID 1
| #define HAVE_GETADDRINFO 1
| /* end confdefs.h.  */
| #include <stdio.h>
| #if HAVE_SYS_TYPES_H
| # include <sys/types.h>
| #endif
| #if HAVE_SYS_STAT_H
| # include <sys/stat.h>
| #endif
| #if STDC_HEADERS
| # include <stdlib.h>
| # include <stddef.h>
| #else
| # if HAVE_STDLIB_H
| #  include <stdlib.h>
| # endif
| #endif
| #if HAVE_STRING_H
| # if !STDC_HEADERS && HAVE_MEMORY_H
| #  include <memory.h>
| # endif
| # include <string.h>
| #endif
| #if HAVE_STRINGS_H
| # include <strings.h>
| #endif
| #if HAVE_INTTYPES_H
| # include <inttypes.h>
| #else
| # if HAVE_STDINT_H
| #  include <stdint.h>
| # endif
| #endif
| #if HAVE_UNISTD_H
| # include <unistd.h>
| #endif
| #include <sys/modem.h>
configure:12585: result: no
configure:12589: checking sys/modem.h presence
configure:12599: gcc-4 -E  conftest.c
conftest.c:39:23: error: sys/modem.h: No such file or directory
configure:12605: $? = 1
configure: failed program was:
| /* confdefs.h.  */
| 
| #define PACKAGE_NAME "tcl"
| #define PACKAGE_TARNAME "tcl"
| #define PACKAGE_VERSION "8.5"
| #define PACKAGE_STRING "tcl 8.5"
| #define PACKAGE_BUGREPORT ""
| #define STDC_HEADERS 1
| #define HAVE_SYS_TYPES_H 1
| #define HAVE_SYS_STAT_H 1
| #define HAVE_STDLIB_H 1
| #define HAVE_STRING_H 1
| #define HAVE_MEMORY_H 1
| #define HAVE_STRINGS_H 1
| #define HAVE_INTTYPES_H 1
| #define HAVE_STDINT_H 1
| #define HAVE_UNISTD_H 1
| #define HAVE_LIMITS_H 1
| #define HAVE_SYS_PARAM_H 1
| #define TCL_CFGVAL_ENCODING "iso8859-1"
| #define MODULE_SCOPE extern __attribute__((__visibility__("hidden")))
| #define TCL_SHLIB_EXT ".so"
| #define TCL_CFG_OPTIMIZED 1
| #define TCL_CFG_DEBUG 1
| #define TCL_TOMMATH 1
| #define MP_PREC 4
| #define _LARGEFILE64_SOURCE 1
| #define TCL_WIDE_INT_TYPE long long
| #define HAVE_STRUCT_STAT64 1
| #define HAVE_OPEN64 1
| #define HAVE_LSEEK64 1
| #define HAVE_TYPE_OFF64_T 1
| #define HAVE_GETCWD 1
| #define HAVE_OPENDIR 1
| #define HAVE_STRTOL 1
| #define HAVE_WAITPID 1
| #define HAVE_GETADDRINFO 1
| /* end confdefs.h.  */
| #include <sys/modem.h>
configure:12625: result: no
configure:12660: checking for sys/modem.h
configure:12667: result: no
configure:12680: checking termios vs. termio vs. sgtty
configure:12709: gcc-4 -o conftest -DTCL_NO_STACK_CHECK -DTCL_NO_STACK_CHECK -pipe   -Wl,--export-dynamic  conftest.c  >&5
configure:12712: $? = 0
configure:12714: ./conftest
configure:12717: $? = 0
configure:12965: result: termios
configure:12996: checking for fd_set in sys/types
configure:13018: gcc-4 -c -DTCL_NO_STACK_CHECK -DTCL_NO_STACK_CHECK -pipe  conftest.c >&5
configure:13024: $? = 0
configure:13028: test -z 
			 || test ! -s conftest.err
configure:13031: $? = 0
configure:13034: test -s conftest.o
configure:13037: $? = 0
configure:13048: result: yes
configure:13099: checking whether struct tm is in sys/time.h or time.h
configure:13122: gcc-4 -c -DTCL_NO_STACK_CHECK -DTCL_NO_STACK_CHECK -pipe  conftest.c >&5
configure:13128: $? = 0
configure:13132: test -z 
			 || test ! -s conftest.err
configure:13135: $? = 0
configure:13138: test -s conftest.o
configure:13141: $? = 0
configure:13152: result: time.h
configure:13177: checking sys/time.h usability
configure:13189: gcc-4 -c -DTCL_NO_STACK_CHECK -DTCL_NO_STACK_CHECK -pipe  conftest.c >&5
configure:13195: $? = 0
configure:13199: test -z 
			 || test ! -s conftest.err
configure:13202: $? = 0
configure:13205: test -s conftest.o
configure:13208: $? = 0
configure:13218: result: yes
configure:13222: checking sys/time.h presence
configure:13232: gcc-4 -E  conftest.c
configure:13238: $? = 0
configure:13258: result: yes
configure:13293: checking for sys/time.h
configure:13300: result: yes
configure:13313: checking whether time.h and sys/time.h may both be included
configure:13338: gcc-4 -c -DTCL_NO_STACK_CHECK -DTCL_NO_STACK_CHECK -pipe  conftest.c >&5
configure:13344: $? = 0
configure:13348: test -z 
			 || test ! -s conftest.err
configure:13351: $? = 0
configure:13354: test -s conftest.o
configure:13357: $? = 0
configure:13368: result: yes
configure:13378: checking for struct tm.tm_zone
configure:13404: gcc-4 -c -DTCL_NO_STACK_CHECK -DTCL_NO_STACK_CHECK -pipe  conftest.c >&5
configure:13410: $? = 0
configure:13414: test -z 
			 || test ! -s conftest.err
configure:13417: $? = 0
configure:13420: test -s conftest.o
configure:13423: $? = 0
configure:13483: result: yes
configure:13575: checking for gmtime_r
configure:13632: gcc-4 -o conftest -DTCL_NO_STACK_CHECK -DTCL_NO_STACK_CHECK -pipe   -Wl,--export-dynamic  conftest.c  >&5
configure:13638: $? = 0
configure:13642: test -z 
			 || test ! -s conftest.err
configure:13645: $? = 0
configure:13648: test -s conftest
configure:13651: $? = 0
configure:13663: result: yes
configure:13575: checking for localtime_r
configure:13632: gcc-4 -o conftest -DTCL_NO_STACK_CHECK -DTCL_NO_STACK_CHECK -pipe   -Wl,--export-dynamic  conftest.c  >&5
configure:13638: $? = 0
configure:13642: test -z 
			 || test ! -s conftest.err
configure:13645: $? = 0
configure:13648: test -s conftest
configure:13651: $? = 0
configure:13663: result: yes
configure:13575: checking for mktime
configure:13632: gcc-4 -o conftest -DTCL_NO_STACK_CHECK -DTCL_NO_STACK_CHECK -pipe   -Wl,--export-dynamic  conftest.c  >&5
configure:13638: $? = 0
configure:13642: test -z 
			 || test ! -s conftest.err
configure:13645: $? = 0
configure:13648: test -s conftest
configure:13651: $? = 0
configure:13663: result: yes
configure:13674: checking tm_tzadj in struct tm
configure:13696: gcc-4 -c -DTCL_NO_STACK_CHECK -DTCL_NO_STACK_CHECK -pipe  conftest.c >&5
conftest.c: In function 'main':
conftest.c:51: error: 'struct tm' has no member named 'tm_tzadj'
configure:13702: $? = 1
configure: failed program was:
| /* confdefs.h.  */
| 
| #define PACKAGE_NAME "tcl"
| #define PACKAGE_TARNAME "tcl"
| #define PACKAGE_VERSION "8.5"
| #define PACKAGE_STRING "tcl 8.5"
| #define PACKAGE_BUGREPORT ""
| #define STDC_HEADERS 1
| #define HAVE_SYS_TYPES_H 1
| #define HAVE_SYS_STAT_H 1
| #define HAVE_STDLIB_H 1
| #define HAVE_STRING_H 1
| #define HAVE_MEMORY_H 1
| #define HAVE_STRINGS_H 1
| #define HAVE_INTTYPES_H 1
| #define HAVE_STDINT_H 1
| #define HAVE_UNISTD_H 1
| #define HAVE_LIMITS_H 1
| #define HAVE_SYS_PARAM_H 1
| #define TCL_CFGVAL_ENCODING "iso8859-1"
| #define MODULE_SCOPE extern __attribute__((__visibility__("hidden")))
| #define TCL_SHLIB_EXT ".so"
| #define TCL_CFG_OPTIMIZED 1
| #define TCL_CFG_DEBUG 1
| #define TCL_TOMMATH 1
| #define MP_PREC 4
| #define _LARGEFILE64_SOURCE 1
| #define TCL_WIDE_INT_TYPE long long
| #define HAVE_STRUCT_STAT64 1
| #define HAVE_OPEN64 1
| #define HAVE_LSEEK64 1
| #define HAVE_TYPE_OFF64_T 1
| #define HAVE_GETCWD 1
| #define HAVE_OPENDIR 1
| #define HAVE_STRTOL 1
| #define HAVE_WAITPID 1
| #define HAVE_GETADDRINFO 1
| #define USE_TERMIOS 1
| #define HAVE_SYS_TIME_H 1
| #define TIME_WITH_SYS_TIME 1
| #define HAVE_STRUCT_TM_TM_ZONE 1
| #define HAVE_TM_ZONE 1
| #define HAVE_GMTIME_R 1
| #define HAVE_LOCALTIME_R 1
| #define HAVE_MKTIME 1
| /* end confdefs.h.  */
| #include <time.h>
| int
| main ()
| {
| struct tm tm; tm.tm_tzadj;
|   ;
|   return 0;
| }
configure:13726: result: no
configure:13736: checking tm_gmtoff in struct tm
configure:13758: gcc-4 -c -DTCL_NO_STACK_CHECK -DTCL_NO_STACK_CHECK -pipe  conftest.c >&5
configure:13764: $? = 0
configure:13768: test -z 
			 || test ! -s conftest.err
configure:13771: $? = 0
configure:13774: test -s conftest.o
configure:13777: $? = 0
configure:13788: result: yes
configure:13802: checking long timezone variable
configure:13826: gcc-4 -c -DTCL_NO_STACK_CHECK -DTCL_NO_STACK_CHECK -pipe  conftest.c >&5
conftest.c: In function 'main':
conftest.c:54: warning: incompatible implicit declaration of built-in function 'exit'
configure:13832: $? = 0
configure:13836: test -z 
			 || test ! -s conftest.err
configure:13839: $? = 0
configure:13842: test -s conftest.o
configure:13845: $? = 0
configure:13856: result: yes
configure:13940: checking for struct stat.st_blksize
configure:13963: gcc-4 -c -DTCL_NO_STACK_CHECK -DTCL_NO_STACK_CHECK -pipe  conftest.c >&5
configure:13969: $? = 0
configure:13973: test -z 
			 || test ! -s conftest.err
configure:13976: $? = 0
configure:13979: test -s conftest.o
configure:13982: $? = 0
configure:14039: result: yes
configure:14055: checking for fstatfs
configure:14112: gcc-4 -o conftest -DTCL_NO_STACK_CHECK -DTCL_NO_STACK_CHECK -pipe   -Wl,--export-dynamic  conftest.c  >&5
configure:14118: $? = 0
configure:14122: test -z 
			 || test ! -s conftest.err
configure:14125: $? = 0
configure:14128: test -s conftest
configure:14131: $? = 0
configure:14143: result: yes
configure:14161: checking for working memcmp
configure:14209: gcc-4 -o conftest -DTCL_NO_STACK_CHECK -DTCL_NO_STACK_CHECK -pipe   -Wl,--export-dynamic  conftest.c  >&5
configure:14212: $? = 0
configure:14214: ./conftest
configure:14217: $? = 0
configure:14231: result: yes
configure:14249: checking for memmove
configure:14306: gcc-4 -o conftest -DTCL_NO_STACK_CHECK -DTCL_NO_STACK_CHECK -pipe   -Wl,--export-dynamic  conftest.c  >&5
conftest.c:75: warning: conflicting types for built-in function 'memmove'
configure:14312: $? = 0
configure:14316: test -z 
			 || test ! -s conftest.err
configure:14319: $? = 0
configure:14322: test -s conftest
configure:14325: $? = 0
configure:14337: result: yes
configure:14362: checking for strstr
configure:14419: gcc-4 -o conftest -DTCL_NO_STACK_CHECK -DTCL_NO_STACK_CHECK -pipe   -Wl,--export-dynamic  conftest.c  >&5
conftest.c:75: warning: conflicting types for built-in function 'strstr'
configure:14425: $? = 0
configure:14429: test -z 
			 || test ! -s conftest.err
configure:14432: $? = 0
configure:14435: test -s conftest
configure:14438: $? = 0
configure:14450: result: yes
configure:14459: checking proper strstr implementation
configure:14479: gcc-4 -o conftest -DTCL_NO_STACK_CHECK -DTCL_NO_STACK_CHECK -pipe   -Wl,--export-dynamic  conftest.c  >&5
conftest.c: In function 'main':
conftest.c:52: warning: conflicting types for built-in function 'strstr'
conftest.c:53: warning: incompatible implicit declaration of built-in function 'exit'
configure:14482: $? = 0
configure:14484: ./conftest
configure:14487: $? = 0
configure:14501: result: ok
configure:14529: checking for strtoul
configure:14586: gcc-4 -o conftest -DTCL_NO_STACK_CHECK -DTCL_NO_STACK_CHECK -pipe   -Wl,--export-dynamic  conftest.c  >&5
configure:14592: $? = 0
configure:14596: test -z 
			 || test ! -s conftest.err
configure:14599: $? = 0
configure:14602: test -s conftest
configure:14605: $? = 0
configure:14617: result: yes
configure:14626: checking proper strtoul implementation
configure:14647: gcc-4 -o conftest -DTCL_NO_STACK_CHECK -DTCL_NO_STACK_CHECK -pipe   -Wl,--export-dynamic  conftest.c  >&5
conftest.c: In function 'main':
conftest.c:54: warning: incompatible implicit declaration of built-in function 'exit'
configure:14650: $? = 0
configure:14652: ./conftest
configure:14655: $? = 0
configure:14669: result: ok
configure:14696: checking for strtod
configure:14753: gcc-4 -o conftest -DTCL_NO_STACK_CHECK -DTCL_NO_STACK_CHECK -pipe   -Wl,--export-dynamic  conftest.c  >&5
configure:14759: $? = 0
configure:14763: test -z 
			 || test ! -s conftest.err
configure:14766: $? = 0
configure:14769: test -s conftest
configure:14772: $? = 0
configure:14784: result: yes
configure:14793: checking proper strtod implementation
configure:14814: gcc-4 -o conftest -DTCL_NO_STACK_CHECK -DTCL_NO_STACK_CHECK -pipe   -Wl,--export-dynamic  conftest.c  >&5
conftest.c: In function 'main':
conftest.c:54: warning: incompatible implicit declaration of built-in function 'exit'
configure:14817: $? = 0
configure:14819: ./conftest
configure:14822: $? = 0
configure:14836: result: ok
configure:14865: checking for strtod
configure:14953: result: yes
configure:14962: checking for Solaris2.4/Tru64 strtod bugs
configure:14999: gcc-4 -o conftest -DTCL_NO_STACK_CHECK -DTCL_NO_STACK_CHECK -pipe   -Wl,--export-dynamic  conftest.c  >&5
conftest.c: In function 'main':
conftest.c:59: warning: incompatible implicit declaration of built-in function 'exit'
conftest.c:63: warning: incompatible implicit declaration of built-in function 'exit'
conftest.c:67: warning: incompatible implicit declaration of built-in function 'exit'
conftest.c:69: warning: incompatible implicit declaration of built-in function 'exit'
configure:15002: $? = 0
configure:15004: ./conftest
configure:15007: $? = 0
configure:15021: result: ok
configure:15047: checking for mode_t
configure:15071: gcc-4 -c -DTCL_NO_STACK_CHECK -DTCL_NO_STACK_CHECK -pipe  conftest.c >&5
configure:15077: $? = 0
configure:15081: test -z 
			 || test ! -s conftest.err
configure:15084: $? = 0
configure:15087: test -s conftest.o
configure:15090: $? = 0
configure:15101: result: yes
configure:15113: checking for pid_t
configure:15137: gcc-4 -c -DTCL_NO_STACK_CHECK -DTCL_NO_STACK_CHECK -pipe  conftest.c >&5
configure:15143: $? = 0
configure:15147: test -z 
			 || test ! -s conftest.err
configure:15150: $? = 0
configure:15153: test -s conftest.o
configure:15156: $? = 0
configure:15167: result: yes
configure:15179: checking for size_t
configure:15203: gcc-4 -c -DTCL_NO_STACK_CHECK -DTCL_NO_STACK_CHECK -pipe  conftest.c >&5
configure:15209: $? = 0
configure:15213: test -z 
			 || test ! -s conftest.err
configure:15216: $? = 0
configure:15219: test -s conftest.o
configure:15222: $? = 0
configure:15233: result: yes
configure:15245: checking for uid_t in sys/types.h
configure:15268: result: yes
configure:15284: checking for socklen_t
configure:15311: gcc-4 -c -DTCL_NO_STACK_CHECK -DTCL_NO_STACK_CHECK -pipe  conftest.c >&5
configure:15317: $? = 0
configure:15321: test -z 
			 || test ! -s conftest.err
configure:15324: $? = 0
configure:15327: test -s conftest.o
configure:15330: $? = 0
configure:15341: result: yes
configure:15351: checking for intptr_t
configure:15375: gcc-4 -c -DTCL_NO_STACK_CHECK -DTCL_NO_STACK_CHECK -pipe  conftest.c >&5
configure:15381: $? = 0
configure:15385: test -z 
			 || test ! -s conftest.err
configure:15388: $? = 0
configure:15391: test -s conftest.o
configure:15394: $? = 0
configure:15405: result: yes
configure:15486: checking for uintptr_t
configure:15510: gcc-4 -c -DTCL_NO_STACK_CHECK -DTCL_NO_STACK_CHECK -pipe  conftest.c >&5
configure:15516: $? = 0
configure:15520: test -z 
			 || test ! -s conftest.err
configure:15523: $? = 0
configure:15526: test -s conftest.o
configure:15529: $? = 0
configure:15540: result: yes
configure:15630: checking for opendir
configure:15718: result: yes
configure:15739: checking union wait
configure:15766: gcc-4 -o conftest -DTCL_NO_STACK_CHECK -DTCL_NO_STACK_CHECK -pipe   -Wl,--export-dynamic  conftest.c  >&5
configure:15772: $? = 0
configure:15776: test -z 
			 || test ! -s conftest.err
configure:15779: $? = 0
configure:15782: test -s conftest
configure:15785: $? = 0
configure:15797: result: yes
configure:15813: checking for strncasecmp
configure:15870: gcc-4 -o conftest -DTCL_NO_STACK_CHECK -DTCL_NO_STACK_CHECK -pipe   -Wl,--export-dynamic  conftest.c  >&5
conftest.c:77: warning: conflicting types for built-in function 'strncasecmp'
configure:15876: $? = 0
configure:15880: test -z 
			 || test ! -s conftest.err
configure:15883: $? = 0
configure:15886: test -s conftest
configure:15889: $? = 0
configure:15901: result: yes
configure:16076: checking for BSDgettimeofday
configure:16133: gcc-4 -o conftest -DTCL_NO_STACK_CHECK -DTCL_NO_STACK_CHECK -pipe   -Wl,--export-dynamic  conftest.c  >&5
/tmp/ccSKZgVp.o: In function `main':
conftest.c:(.text+0x9): undefined reference to `BSDgettimeofday'
/tmp/ccSKZgVp.o:(.data+0x0): undefined reference to `BSDgettimeofday'
collect2: ld returned 1 exit status
configure:16139: $? = 1
configure: failed program was:
| /* confdefs.h.  */
| 
| #define PACKAGE_NAME "tcl"
| #define PACKAGE_TARNAME "tcl"
| #define PACKAGE_VERSION "8.5"
| #define PACKAGE_STRING "tcl 8.5"
| #define PACKAGE_BUGREPORT ""
| #define STDC_HEADERS 1
| #define HAVE_SYS_TYPES_H 1
| #define HAVE_SYS_STAT_H 1
| #define HAVE_STDLIB_H 1
| #define HAVE_STRING_H 1
| #define HAVE_MEMORY_H 1
| #define HAVE_STRINGS_H 1
| #define HAVE_INTTYPES_H 1
| #define HAVE_STDINT_H 1
| #define HAVE_UNISTD_H 1
| #define HAVE_LIMITS_H 1
| #define HAVE_SYS_PARAM_H 1
| #define TCL_CFGVAL_ENCODING "iso8859-1"
| #define MODULE_SCOPE extern __attribute__((__visibility__("hidden")))
| #define TCL_SHLIB_EXT ".so"
| #define TCL_CFG_OPTIMIZED 1
| #define TCL_CFG_DEBUG 1
| #define TCL_TOMMATH 1
| #define MP_PREC 4
| #define _LARGEFILE64_SOURCE 1
| #define TCL_WIDE_INT_TYPE long long
| #define HAVE_STRUCT_STAT64 1
| #define HAVE_OPEN64 1
| #define HAVE_LSEEK64 1
| #define HAVE_TYPE_OFF64_T 1
| #define HAVE_GETCWD 1
| #define HAVE_OPENDIR 1
| #define HAVE_STRTOL 1
| #define HAVE_WAITPID 1
| #define HAVE_GETADDRINFO 1
| #define USE_TERMIOS 1
| #define HAVE_SYS_TIME_H 1
| #define TIME_WITH_SYS_TIME 1
| #define HAVE_STRUCT_TM_TM_ZONE 1
| #define HAVE_TM_ZONE 1
| #define HAVE_GMTIME_R 1
| #define HAVE_LOCALTIME_R 1
| #define HAVE_MKTIME 1
| #define HAVE_TM_GMTOFF 1
| #define HAVE_TIMEZONE_VAR 1
| #define HAVE_STRUCT_STAT_ST_BLKSIZE 1
| #define HAVE_ST_BLKSIZE 1
| #define HAVE_INTPTR_T 1
| #define HAVE_UINTPTR_T 1
| /* end confdefs.h.  */
| /* Define BSDgettimeofday to an innocuous variant, in case <limits.h> declares BSDgettimeofday.
|    For example, HP-UX 11i <limits.h> declares gettimeofday.  */
| #define BSDgettimeofday innocuous_BSDgettimeofday
| 
| /* System header to define __stub macros and hopefully few prototypes,
|     which can conflict with char BSDgettimeofday (); below.
|     Prefer <limits.h> to <assert.h> if __STDC__ is defined, since
|     <limits.h> exists even on freestanding compilers.  */
| 
| #ifdef __STDC__
| # include <limits.h>
| #else
| # include <assert.h>
| #endif
| 
| #undef BSDgettimeofday
| 
| /* Override any gcc2 internal prototype to avoid an error.  */
| #ifdef __cplusplus
| extern "C"
| {
| #endif
| /* We use char because int might match the return type of a gcc2
|    builtin and then its argument prototype would still apply.  */
| char BSDgettimeofday ();
| /* The GNU C library defines this for functions which it implements
|     to always fail with ENOSYS.  Some functions are actually named
|     something starting with __ and the normal name is an alias.  */
| #if defined (__stub_BSDgettimeofday) || defined (__stub___BSDgettimeofday)
| choke me
| #else
| char (*f) () = BSDgettimeofday;
| #endif
| #ifdef __cplusplus
| }
| #endif
| 
| int
| main ()
| {
| return f != BSDgettimeofday;
|   ;
|   return 0;
| }
configure:16164: result: no
configure:16174: checking for gettimeofday
configure:16231: gcc-4 -o conftest -DTCL_NO_STACK_CHECK -DTCL_NO_STACK_CHECK -pipe   -Wl,--export-dynamic  conftest.c  >&5
configure:16237: $? = 0
configure:16241: test -z 
			 || test ! -s conftest.err
configure:16244: $? = 0
configure:16247: test -s conftest
configure:16250: $? = 0
configure:16262: result: yes
configure:16277: checking for gettimeofday declaration
configure:16301: result: present
configure:16318: checking whether char is unsigned
configure:16341: gcc-4 -c -DTCL_NO_STACK_CHECK -DTCL_NO_STACK_CHECK -pipe  conftest.c >&5
configure:16347: $? = 0
configure:16351: test -z 
			 || test ! -s conftest.err
configure:16354: $? = 0
configure:16357: test -s conftest.o
configure:16360: $? = 0
configure:16371: result: no
configure:16380: checking signed char declarations
configure:16405: gcc-4 -c -DTCL_NO_STACK_CHECK -DTCL_NO_STACK_CHECK -pipe  conftest.c >&5
configure:16411: $? = 0
configure:16415: test -z 
			 || test ! -s conftest.err
configure:16418: $? = 0
configure:16421: test -s conftest.o
configure:16424: $? = 0
configure:16435: result: yes
configure:16449: checking for a putenv() that copies the buffer
configure:16485: gcc-4 -o conftest -DTCL_NO_STACK_CHECK -DTCL_NO_STACK_CHECK -pipe   -Wl,--export-dynamic  conftest.c  >&5
conftest.c: In function 'main':
conftest.c:60: warning: incompatible implicit declaration of built-in function 'strdup'
conftest.c:62: warning: incompatible implicit declaration of built-in function 'strcpy'
conftest.c:62: warning: incompatible implicit declaration of built-in function 'strchr'
configure:16488: $? = 0
configure:16490: ./conftest
configure:16493: $? = 0
configure:16507: result: no
configure:16542: checking langinfo.h usability
configure:16554: gcc-4 -c -DTCL_NO_STACK_CHECK -DTCL_NO_STACK_CHECK -pipe  conftest.c >&5
configure:16560: $? = 0
configure:16564: test -z 
			 || test ! -s conftest.err
configure:16567: $? = 0
configure:16570: test -s conftest.o
configure:16573: $? = 0
configure:16583: result: yes
configure:16587: checking langinfo.h presence
configure:16597: gcc-4 -E  conftest.c
configure:16603: $? = 0
configure:16623: result: yes
configure:16658: checking for langinfo.h
configure:16665: result: yes
configure:16677: checking whether to use nl_langinfo
configure:16700: gcc-4 -c -DTCL_NO_STACK_CHECK -DTCL_NO_STACK_CHECK -pipe  conftest.c >&5
configure:16706: $? = 0
configure:16710: test -z 
			 || test ! -s conftest.err
configure:16713: $? = 0
configure:16716: test -s conftest.o
configure:16719: $? = 0
configure:16731: result: yes
configure:16754: checking for chflags
configure:16811: gcc-4 -o conftest -DTCL_NO_STACK_CHECK -DTCL_NO_STACK_CHECK -pipe   -Wl,--export-dynamic  conftest.c  >&5
conftest.c:84: error: expected '=', ',', ';', 'asm' or '__attribute__' before 'me'
configure:16817: $? = 1
configure: failed program was:
| /* confdefs.h.  */
| 
| #define PACKAGE_NAME "tcl"
| #define PACKAGE_TARNAME "tcl"
| #define PACKAGE_VERSION "8.5"
| #define PACKAGE_STRING "tcl 8.5"
| #define PACKAGE_BUGREPORT ""
| #define STDC_HEADERS 1
| #define HAVE_SYS_TYPES_H 1
| #define HAVE_SYS_STAT_H 1
| #define HAVE_STDLIB_H 1
| #define HAVE_STRING_H 1
| #define HAVE_MEMORY_H 1
| #define HAVE_STRINGS_H 1
| #define HAVE_INTTYPES_H 1
| #define HAVE_STDINT_H 1
| #define HAVE_UNISTD_H 1
| #define HAVE_LIMITS_H 1
| #define HAVE_SYS_PARAM_H 1
| #define TCL_CFGVAL_ENCODING "iso8859-1"
| #define MODULE_SCOPE extern __attribute__((__visibility__("hidden")))
| #define TCL_SHLIB_EXT ".so"
| #define TCL_CFG_OPTIMIZED 1
| #define TCL_CFG_DEBUG 1
| #define TCL_TOMMATH 1
| #define MP_PREC 4
| #define _LARGEFILE64_SOURCE 1
| #define TCL_WIDE_INT_TYPE long long
| #define HAVE_STRUCT_STAT64 1
| #define HAVE_OPEN64 1
| #define HAVE_LSEEK64 1
| #define HAVE_TYPE_OFF64_T 1
| #define HAVE_GETCWD 1
| #define HAVE_OPENDIR 1
| #define HAVE_STRTOL 1
| #define HAVE_WAITPID 1
| #define HAVE_GETADDRINFO 1
| #define USE_TERMIOS 1
| #define HAVE_SYS_TIME_H 1
| #define TIME_WITH_SYS_TIME 1
| #define HAVE_STRUCT_TM_TM_ZONE 1
| #define HAVE_TM_ZONE 1
| #define HAVE_GMTIME_R 1
| #define HAVE_LOCALTIME_R 1
| #define HAVE_MKTIME 1
| #define HAVE_TM_GMTOFF 1
| #define HAVE_TIMEZONE_VAR 1
| #define HAVE_STRUCT_STAT_ST_BLKSIZE 1
| #define HAVE_ST_BLKSIZE 1
| #define HAVE_INTPTR_T 1
| #define HAVE_UINTPTR_T 1
| #define HAVE_SIGNED_CHAR 1
| #define HAVE_LANGINFO 1
| /* end confdefs.h.  */
| /* Define chflags to an innocuous variant, in case <limits.h> declares chflags.
|    For example, HP-UX 11i <limits.h> declares gettimeofday.  */
| #define chflags innocuous_chflags
| 
| /* System header to define __stub macros and hopefully few prototypes,
|     which can conflict with char chflags (); below.
|     Prefer <limits.h> to <assert.h> if __STDC__ is defined, since
|     <limits.h> exists even on freestanding compilers.  */
| 
| #ifdef __STDC__
| # include <limits.h>
| #else
| # include <assert.h>
| #endif
| 
| #undef chflags
| 
| /* Override any gcc2 internal prototype to avoid an error.  */
| #ifdef __cplusplus
| extern "C"
| {
| #endif
| /* We use char because int might match the return type of a gcc2
|    builtin and then its argument prototype would still apply.  */
| char chflags ();
| /* The GNU C library defines this for functions which it implements
|     to always fail with ENOSYS.  Some functions are actually named
|     something starting with __ and the normal name is an alias.  */
| #if defined (__stub_chflags) || defined (__stub___chflags)
| choke me
| #else
| char (*f) () = chflags;
| #endif
| #ifdef __cplusplus
| }
| #endif
| 
| int
| main ()
| {
| return f != chflags;
|   ;
|   return 0;
| }
configure:16842: result: no
configure:16857: checking isnan
configure:16881: gcc-4 -o conftest -DTCL_NO_STACK_CHECK -DTCL_NO_STACK_CHECK -pipe   -Wl,--export-dynamic  conftest.c  >&5
configure:16887: $? = 0
configure:16891: test -z 
			 || test ! -s conftest.err
configure:16894: $? = 0
configure:16897: test -s conftest
configure:16900: $? = 0
configure:16912: result: yes
configure:17967: checking for fts
configure:17997: gcc-4 -o conftest -DTCL_NO_STACK_CHECK -DTCL_NO_STACK_CHECK -pipe   -Wl,--export-dynamic  conftest.c  >&5
conftest.c: In function 'main':
conftest.c:64: error: 'NULL' undeclared (first use in this function)
conftest.c:64: error: (Each undeclared identifier is reported only once
conftest.c:64: error: for each function it appears in.)
configure:18003: $? = 1
configure: failed program was:
| /* confdefs.h.  */
| 
| #define PACKAGE_NAME "tcl"
| #define PACKAGE_TARNAME "tcl"
| #define PACKAGE_VERSION "8.5"
| #define PACKAGE_STRING "tcl 8.5"
| #define PACKAGE_BUGREPORT ""
| #define STDC_HEADERS 1
| #define HAVE_SYS_TYPES_H 1
| #define HAVE_SYS_STAT_H 1
| #define HAVE_STDLIB_H 1
| #define HAVE_STRING_H 1
| #define HAVE_MEMORY_H 1
| #define HAVE_STRINGS_H 1
| #define HAVE_INTTYPES_H 1
| #define HAVE_STDINT_H 1
| #define HAVE_UNISTD_H 1
| #define HAVE_LIMITS_H 1
| #define HAVE_SYS_PARAM_H 1
| #define TCL_CFGVAL_ENCODING "iso8859-1"
| #define MODULE_SCOPE extern __attribute__((__visibility__("hidden")))
| #define TCL_SHLIB_EXT ".so"
| #define TCL_CFG_OPTIMIZED 1
| #define TCL_CFG_DEBUG 1
| #define TCL_TOMMATH 1
| #define MP_PREC 4
| #define _LARGEFILE64_SOURCE 1
| #define TCL_WIDE_INT_TYPE long long
| #define HAVE_STRUCT_STAT64 1
| #define HAVE_OPEN64 1
| #define HAVE_LSEEK64 1
| #define HAVE_TYPE_OFF64_T 1
| #define HAVE_GETCWD 1
| #define HAVE_OPENDIR 1
| #define HAVE_STRTOL 1
| #define HAVE_WAITPID 1
| #define HAVE_GETADDRINFO 1
| #define USE_TERMIOS 1
| #define HAVE_SYS_TIME_H 1
| #define TIME_WITH_SYS_TIME 1
| #define HAVE_STRUCT_TM_TM_ZONE 1
| #define HAVE_TM_ZONE 1
| #define HAVE_GMTIME_R 1
| #define HAVE_LOCALTIME_R 1
| #define HAVE_MKTIME 1
| #define HAVE_TM_GMTOFF 1
| #define HAVE_TIMEZONE_VAR 1
| #define HAVE_STRUCT_STAT_ST_BLKSIZE 1
| #define HAVE_ST_BLKSIZE 1
| #define HAVE_INTPTR_T 1
| #define HAVE_UINTPTR_T 1
| #define HAVE_SIGNED_CHAR 1
| #define HAVE_LANGINFO 1
| /* end confdefs.h.  */
| 
| 	    #include <sys/param.h>
| 	    #include <sys/stat.h>
| 	    #include <fts.h>
| 
| int
| main ()
| {
| 
| 	    char*const p[2] = {"/", NULL};
| 	    FTS *f = fts_open(p, FTS_PHYSICAL|FTS_NOCHDIR|FTS_NOSTAT, NULL);
| 	    FTSENT *e = fts_read(f); fts_close(f);
| 
|   ;
|   return 0;
| }
configure:18028: result: no
configure:18060: checking sys/ioctl.h usability
configure:18072: gcc-4 -c -DTCL_NO_STACK_CHECK -DTCL_NO_STACK_CHECK -pipe  conftest.c >&5
configure:18078: $? = 0
configure:18082: test -z 
			 || test ! -s conftest.err
configure:18085: $? = 0
configure:18088: test -s conftest.o
configure:18091: $? = 0
configure:18101: result: yes
configure:18105: checking sys/ioctl.h presence
configure:18115: gcc-4 -E  conftest.c
configure:18121: $? = 0
configure:18141: result: yes
configure:18176: checking for sys/ioctl.h
configure:18183: result: yes
configure:18210: checking sys/filio.h usability
configure:18222: gcc-4 -c -DTCL_NO_STACK_CHECK -DTCL_NO_STACK_CHECK -pipe  conftest.c >&5
conftest.c:90:23: error: sys/filio.h: No such file or directory
configure:18228: $? = 1
configure: failed program was:
| /* confdefs.h.  */
| 
| #define PACKAGE_NAME "tcl"
| #define PACKAGE_TARNAME "tcl"
| #define PACKAGE_VERSION "8.5"
| #define PACKAGE_STRING "tcl 8.5"
| #define PACKAGE_BUGREPORT ""
| #define STDC_HEADERS 1
| #define HAVE_SYS_TYPES_H 1
| #define HAVE_SYS_STAT_H 1
| #define HAVE_STDLIB_H 1
| #define HAVE_STRING_H 1
| #define HAVE_MEMORY_H 1
| #define HAVE_STRINGS_H 1
| #define HAVE_INTTYPES_H 1
| #define HAVE_STDINT_H 1
| #define HAVE_UNISTD_H 1
| #define HAVE_LIMITS_H 1
| #define HAVE_SYS_PARAM_H 1
| #define TCL_CFGVAL_ENCODING "iso8859-1"
| #define MODULE_SCOPE extern __attribute__((__visibility__("hidden")))
| #define TCL_SHLIB_EXT ".so"
| #define TCL_CFG_OPTIMIZED 1
| #define TCL_CFG_DEBUG 1
| #define TCL_TOMMATH 1
| #define MP_PREC 4
| #define _LARGEFILE64_SOURCE 1
| #define TCL_WIDE_INT_TYPE long long
| #define HAVE_STRUCT_STAT64 1
| #define HAVE_OPEN64 1
| #define HAVE_LSEEK64 1
| #define HAVE_TYPE_OFF64_T 1
| #define HAVE_GETCWD 1
| #define HAVE_OPENDIR 1
| #define HAVE_STRTOL 1
| #define HAVE_WAITPID 1
| #define HAVE_GETADDRINFO 1
| #define USE_TERMIOS 1
| #define HAVE_SYS_TIME_H 1
| #define TIME_WITH_SYS_TIME 1
| #define HAVE_STRUCT_TM_TM_ZONE 1
| #define HAVE_TM_ZONE 1
| #define HAVE_GMTIME_R 1
| #define HAVE_LOCALTIME_R 1
| #define HAVE_MKTIME 1
| #define HAVE_TM_GMTOFF 1
| #define HAVE_TIMEZONE_VAR 1
| #define HAVE_STRUCT_STAT_ST_BLKSIZE 1
| #define HAVE_ST_BLKSIZE 1
| #define HAVE_INTPTR_T 1
| #define HAVE_UINTPTR_T 1
| #define HAVE_SIGNED_CHAR 1
| #define HAVE_LANGINFO 1
| #define HAVE_SYS_IOCTL_H 1
| /* end confdefs.h.  */
| #include <stdio.h>
| #if HAVE_SYS_TYPES_H
| # include <sys/types.h>
| #endif
| #if HAVE_SYS_STAT_H
| # include <sys/stat.h>
| #endif
| #if STDC_HEADERS
| # include <stdlib.h>
| # include <stddef.h>
| #else
| # if HAVE_STDLIB_H
| #  include <stdlib.h>
| # endif
| #endif
| #if HAVE_STRING_H
| # if !STDC_HEADERS && HAVE_MEMORY_H
| #  include <memory.h>
| # endif
| # include <string.h>
| #endif
| #if HAVE_STRINGS_H
| # include <strings.h>
| #endif
| #if HAVE_INTTYPES_H
| # include <inttypes.h>
| #else
| # if HAVE_STDINT_H
| #  include <stdint.h>
| # endif
| #endif
| #if HAVE_UNISTD_H
| # include <unistd.h>
| #endif
| #include <sys/filio.h>
configure:18251: result: no
configure:18255: checking sys/filio.h presence
configure:18265: gcc-4 -E  conftest.c
conftest.c:56:23: error: sys/filio.h: No such file or directory
configure:18271: $? = 1
configure: failed program was:
| /* confdefs.h.  */
| 
| #define PACKAGE_NAME "tcl"
| #define PACKAGE_TARNAME "tcl"
| #define PACKAGE_VERSION "8.5"
| #define PACKAGE_STRING "tcl 8.5"
| #define PACKAGE_BUGREPORT ""
| #define STDC_HEADERS 1
| #define HAVE_SYS_TYPES_H 1
| #define HAVE_SYS_STAT_H 1
| #define HAVE_STDLIB_H 1
| #define HAVE_STRING_H 1
| #define HAVE_MEMORY_H 1
| #define HAVE_STRINGS_H 1
| #define HAVE_INTTYPES_H 1
| #define HAVE_STDINT_H 1
| #define HAVE_UNISTD_H 1
| #define HAVE_LIMITS_H 1
| #define HAVE_SYS_PARAM_H 1
| #define TCL_CFGVAL_ENCODING "iso8859-1"
| #define MODULE_SCOPE extern __attribute__((__visibility__("hidden")))
| #define TCL_SHLIB_EXT ".so"
| #define TCL_CFG_OPTIMIZED 1
| #define TCL_CFG_DEBUG 1
| #define TCL_TOMMATH 1
| #define MP_PREC 4
| #define _LARGEFILE64_SOURCE 1
| #define TCL_WIDE_INT_TYPE long long
| #define HAVE_STRUCT_STAT64 1
| #define HAVE_OPEN64 1
| #define HAVE_LSEEK64 1
| #define HAVE_TYPE_OFF64_T 1
| #define HAVE_GETCWD 1
| #define HAVE_OPENDIR 1
| #define HAVE_STRTOL 1
| #define HAVE_WAITPID 1
| #define HAVE_GETADDRINFO 1
| #define USE_TERMIOS 1
| #define HAVE_SYS_TIME_H 1
| #define TIME_WITH_SYS_TIME 1
| #define HAVE_STRUCT_TM_TM_ZONE 1
| #define HAVE_TM_ZONE 1
| #define HAVE_GMTIME_R 1
| #define HAVE_LOCALTIME_R 1
| #define HAVE_MKTIME 1
| #define HAVE_TM_GMTOFF 1
| #define HAVE_TIMEZONE_VAR 1
| #define HAVE_STRUCT_STAT_ST_BLKSIZE 1
| #define HAVE_ST_BLKSIZE 1
| #define HAVE_INTPTR_T 1
| #define HAVE_UINTPTR_T 1
| #define HAVE_SIGNED_CHAR 1
| #define HAVE_LANGINFO 1
| #define HAVE_SYS_IOCTL_H 1
| /* end confdefs.h.  */
| #include <sys/filio.h>
configure:18291: result: no
configure:18326: checking for sys/filio.h
configure:18333: result: no
configure:18347: checking system version
configure:18375: result: Linux-2.6.32-25-generic
configure:18379: checking FIONBIO vs. O_NONBLOCK for nonblocking I/O
configure:18406: result: O_NONBLOCK
configure:18414: checking whether to use dll unloading
configure:18430: result: yes
configure:18439: checking for timezone data
configure:18480: result: /usr/share/zoneinfo
configure:18699: checking whether to enable DTrace support
configure:18724: result: no
configure:18731: checking if the C stack grows upwards in memory
configure:18758: gcc-4 -o conftest -DTCL_NO_STACK_CHECK -DTCL_NO_STACK_CHECK -pipe   -Wl,--export-dynamic  conftest.c  >&5
configure:18761: $? = 0
configure:18763: ./conftest
configure:18766: $? = 1
configure: program exited with status 1
configure: failed program was:
| /* confdefs.h.  */
| 
| #define PACKAGE_NAME "tcl"
| #define PACKAGE_TARNAME "tcl"
| #define PACKAGE_VERSION "8.5"
| #define PACKAGE_STRING "tcl 8.5"
| #define PACKAGE_BUGREPORT ""
| #define STDC_HEADERS 1
| #define HAVE_SYS_TYPES_H 1
| #define HAVE_SYS_STAT_H 1
| #define HAVE_STDLIB_H 1
| #define HAVE_STRING_H 1
| #define HAVE_MEMORY_H 1
| #define HAVE_STRINGS_H 1
| #define HAVE_INTTYPES_H 1
| #define HAVE_STDINT_H 1
| #define HAVE_UNISTD_H 1
| #define HAVE_LIMITS_H 1
| #define HAVE_SYS_PARAM_H 1
| #define TCL_CFGVAL_ENCODING "iso8859-1"
| #define MODULE_SCOPE extern __attribute__((__visibility__("hidden")))
| #define TCL_SHLIB_EXT ".so"
| #define TCL_CFG_OPTIMIZED 1
| #define TCL_CFG_DEBUG 1
| #define TCL_TOMMATH 1
| #define MP_PREC 4
| #define _LARGEFILE64_SOURCE 1
| #define TCL_WIDE_INT_TYPE long long
| #define HAVE_STRUCT_STAT64 1
| #define HAVE_OPEN64 1
| #define HAVE_LSEEK64 1
| #define HAVE_TYPE_OFF64_T 1
| #define HAVE_GETCWD 1
| #define HAVE_OPENDIR 1
| #define HAVE_STRTOL 1
| #define HAVE_WAITPID 1
| #define HAVE_GETADDRINFO 1
| #define USE_TERMIOS 1
| #define HAVE_SYS_TIME_H 1
| #define TIME_WITH_SYS_TIME 1
| #define HAVE_STRUCT_TM_TM_ZONE 1
| #define HAVE_TM_ZONE 1
| #define HAVE_GMTIME_R 1
| #define HAVE_LOCALTIME_R 1
| #define HAVE_MKTIME 1
| #define HAVE_TM_GMTOFF 1
| #define HAVE_TIMEZONE_VAR 1
| #define HAVE_STRUCT_STAT_ST_BLKSIZE 1
| #define HAVE_ST_BLKSIZE 1
| #define HAVE_INTPTR_T 1
| #define HAVE_UINTPTR_T 1
| #define HAVE_SIGNED_CHAR 1
| #define HAVE_LANGINFO 1
| #define HAVE_SYS_IOCTL_H 1
| #define TCL_UNLOAD_DLLS 1
| /* end confdefs.h.  */
| 
| 	int StackGrowsUp(int *parent) {
| 	    int here;
| 	    return (&here < parent);
| 	}
| 	int main (int argc, char *argv[]) {
| 	    int foo;
| 	    return StackGrowsUp(&foo);
| 	}
| 
configure:18780: result: no
configure:19161: creating ./config.status

## ---------------------- ##
## Running config.status. ##
## ---------------------- ##

This file was extended by tcl config.status 8.5, which was
generated by GNU Autoconf 2.59.  Invocation command line was

  CONFIG_FILES    = 
  CONFIG_HEADERS  = 
  CONFIG_LINKS    = 
  CONFIG_COMMANDS = 
  $ ./config.status 

on ubuntu

config.status:727: creating Makefile
config.status:727: creating dltest/Makefile
config.status:727: creating tclConfig.sh

## ---------------- ##
## Cache variables. ##
## ---------------- ##

ac_cv_c_bigendian=no
ac_cv_c_char_unsigned=no
ac_cv_c_compiler_gnu=yes
ac_cv_c_inline=inline
ac_cv_env_CC_set=set
ac_cv_env_CC_value=gcc-4
ac_cv_env_CFLAGS_set=set
ac_cv_env_CFLAGS_value='-DTCL_NO_STACK_CHECK -DTCL_NO_STACK_CHECK'
ac_cv_env_CPPFLAGS_set=
ac_cv_env_CPPFLAGS_value=
ac_cv_env_CPP_set=
ac_cv_env_CPP_value=
ac_cv_env_LDFLAGS_set=
ac_cv_env_LDFLAGS_value=
ac_cv_env_build_alias_set=
ac_cv_env_build_alias_value=
ac_cv_env_host_alias_set=
ac_cv_env_host_alias_value=
ac_cv_env_target_alias_set=
ac_cv_env_target_alias_value=
ac_cv_exeext=
ac_cv_func_BSDgettimeofday=no
ac_cv_func_chflags=no
ac_cv_func_connect=yes
ac_cv_func_fstatfs=yes
ac_cv_func_getaddrinfo=yes
ac_cv_func_getcwd=yes
ac_cv_func_gethostbyname=yes
ac_cv_func_gettimeofday=yes
ac_cv_func_getwd=yes
ac_cv_func_gmtime_r=yes
ac_cv_func_localtime_r=yes
ac_cv_func_lseek64=yes
ac_cv_func_memcmp_working=yes
ac_cv_func_memmove=yes
ac_cv_func_mktime=yes
ac_cv_func_open64=yes
ac_cv_func_opendir=yes
ac_cv_func_realpath=yes
ac_cv_func_sin=no
ac_cv_func_strerror=yes
ac_cv_func_strncasecmp=yes
ac_cv_func_strstr=yes
ac_cv_func_strtod=yes
ac_cv_func_strtol=yes
ac_cv_func_strtoul=yes
ac_cv_func_uname=yes
ac_cv_func_wait3=yes
ac_cv_func_waitpid=yes
ac_cv_header_dlfcn_h=yes
ac_cv_header_float_h=yes
ac_cv_header_inttypes_h=yes
ac_cv_header_langinfo_h=yes
ac_cv_header_limits_h=yes
ac_cv_header_memory_h=yes
ac_cv_header_net_errno_h=no
ac_cv_header_stdc=yes
ac_cv_header_stdint_h=yes
ac_cv_header_stdlib_h=yes
ac_cv_header_string_h=yes
ac_cv_header_strings_h=yes
ac_cv_header_sys_filio_h=no
ac_cv_header_sys_ioctl_h=yes
ac_cv_header_sys_modem_h=no
ac_cv_header_sys_param_h=yes
ac_cv_header_sys_stat_h=yes
ac_cv_header_sys_time_h=yes
ac_cv_header_sys_types_h=yes
ac_cv_header_sys_wait_h=yes
ac_cv_header_time=yes
ac_cv_header_unistd_h=yes
ac_cv_header_values_h=yes
ac_cv_lib_dl_dlopen=yes
ac_cv_lib_ieee_main=yes
ac_cv_lib_inet_main=no
ac_cv_member_struct_stat_st_blksize=yes
ac_cv_member_struct_tm_tm_zone=yes
ac_cv_objext=o
ac_cv_prog_AR=ar
ac_cv_prog_CPP='gcc-4 -E'
ac_cv_prog_ac_ct_CC=gcc-4
ac_cv_prog_ac_ct_RANLIB=ranlib
ac_cv_prog_cc_g=yes
ac_cv_prog_cc_stdc=
ac_cv_prog_egrep='grep -E'
ac_cv_struct_tm=time.h
ac_cv_type_intptr_t=yes
ac_cv_type_mode_t=yes
ac_cv_type_pid_t=yes
ac_cv_type_size_t=yes
ac_cv_type_uid_t=yes
ac_cv_type_uintptr_t=yes
tcl_cv_api_fts=no
tcl_cv_api_getaddrinfo=yes
tcl_cv_api_serial=termios
tcl_cv_cc_pipe=yes
tcl_cv_cc_visibility_hidden=yes
tcl_cv_char_signed=yes
tcl_cv_dir_zoneinfo=/usr/share/zoneinfo
tcl_cv_dirent_h=yes
tcl_cv_flag__isoc99_source=no
tcl_cv_flag__largefile64_source=yes
tcl_cv_flag__largefile_source64=no
tcl_cv_grep_gettimeofday=present
tcl_cv_isnan=yes
tcl_cv_langinfo_h=yes
tcl_cv_member_tm_gmtoff=yes
tcl_cv_member_tm_tzadj=no
tcl_cv_putenv_copy=no
tcl_cv_stack_grows_up=no
tcl_cv_strstr_unbroken=ok
tcl_cv_strtod_buggy=ok
tcl_cv_strtod_unbroken=ok
tcl_cv_strtoul_unbroken=ok
tcl_cv_struct_dirent64=no
tcl_cv_struct_stat64=yes
tcl_cv_sys_version=Linux-2.6.32-25-generic
tcl_cv_timezone_long=yes
tcl_cv_type_64bit='long long'
tcl_cv_type_fd_set=yes
tcl_cv_type_off64_t=yes
tcl_cv_type_socklen_t=yes
tcl_cv_union_wait=yes

## ----------------- ##
## Output variables. ##
## ----------------- ##

AR='ar'
BUILD_DLTEST='$(DLTEST_TARGETS)'
CC='gcc-4'
CC_SEARCH_FLAGS='-Wl,-rpath,${LIB_RUNTIME_DIR}'
CFG_TCL_EXPORT_FILE_SUFFIX=''
CFG_TCL_SHARED_LIB_SUFFIX='${VERSION}.so'
CFG_TCL_UNSHARED_LIB_SUFFIX='${VERSION}.a'
CFLAGS='-DTCL_NO_STACK_CHECK -DTCL_NO_STACK_CHECK -pipe '
CFLAGS_DEBUG='-g'
CFLAGS_DEFAULT='$(CFLAGS_OPTIMIZE)'
CFLAGS_OPTIMIZE='-O2'
CFLAGS_WARNING='-Wall'
CPP='gcc-4 -E'
CPPFLAGS=''
DEFS='-DPACKAGE_NAME=\"tcl\" -DPACKAGE_TARNAME=\"tcl\" -DPACKAGE_VERSION=\"8.5\" -DPACKAGE_STRING=\"tcl\ 8.5\" -DPACKAGE_BUGREPORT=\"\" -DSTDC_HEADERS=1 -DHAVE_SYS_TYPES_H=1 -DHAVE_SYS_STAT_H=1 -DHAVE_STDLIB_H=1 -DHAVE_STRING_H=1 -DHAVE_MEMORY_H=1 -DHAVE_STRINGS_H=1 -DHAVE_INTTYPES_H=1 -DHAVE_STDINT_H=1 -DHAVE_UNISTD_H=1 -DHAVE_LIMITS_H=1 -DHAVE_SYS_PARAM_H=1 -DTCL_CFGVAL_ENCODING=\"iso8859-1\" -DMODULE_SCOPE=extern\ __attribute__\(\(__visibility__\(\"hidden\"\)\)\) -DTCL_SHLIB_EXT=\".so\" -DTCL_CFG_OPTIMIZED=1 -DTCL_CFG_DEBUG=1 -DTCL_TOMMATH=1 -DMP_PREC=4 -D_LARGEFILE64_SOURCE=1 -DTCL_WIDE_INT_TYPE=long\ long -DHAVE_STRUCT_STAT64=1 -DHAVE_OPEN64=1 -DHAVE_LSEEK64=1 -DHAVE_TYPE_OFF64_T=1 -DHAVE_GETCWD=1 -DHAVE_OPENDIR=1 -DHAVE_STRTOL=1 -DHAVE_WAITPID=1 -DHAVE_GETADDRINFO=1 -DUSE_TERMIOS=1 -DHAVE_SYS_TIME_H=1 -DTIME_WITH_SYS_TIME=1 -DHAVE_STRUCT_TM_TM_ZONE=1 -DHAVE_TM_ZONE=1 -DHAVE_GMTIME_R=1 -DHAVE_LOCALTIME_R=1 -DHAVE_MKTIME=1 -DHAVE_TM_GMTOFF=1 -DHAVE_TIMEZONE_VAR=1 -DHAVE_STRUCT_STAT_ST_BLKSIZE=1 -DHAVE_ST_BLKSIZE=1 -DHAVE_INTPTR_T=1 -DHAVE_UINTPTR_T=1 -DHAVE_SIGNED_CHAR=1 -DHAVE_LANGINFO=1 -DHAVE_SYS_IOCTL_H=1 -DTCL_UNLOAD_DLLS=1 '
DLTEST_LD='${SHLIB_LD}'
DLTEST_SUFFIX=''
DL_LIBS='-ldl'
DL_OBJS='tclLoadDl.o'
DTRACE=''
DTRACE_HDR=''
DTRACE_OBJ=''
DTRACE_SRC=''
ECHO_C=''
ECHO_N='-n'
ECHO_T=''
EGREP='grep -E'
EXEEXT=''
EXTRA_APP_CC_SWITCHES=''
EXTRA_BUILD_HTML=''
EXTRA_CC_SWITCHES=''
EXTRA_INSTALL=''
EXTRA_INSTALL_BINARIES=''
EXTRA_TCLSH_LIBS=''
HTML_DIR='$(DISTDIR)/html'
INSTALL_LIB='$(INSTALL_LIBRARY) $(LIB_FILE) "$(LIB_INSTALL_DIR)"/$(LIB_FILE)'
INSTALL_STUB_LIB='$(INSTALL_LIBRARY) $(STUB_LIB_FILE) "$(LIB_INSTALL_DIR)"/$(STUB_LIB_FILE) ; (cd "$(LIB_INSTALL_DIR)" ; $(RANLIB) $(STUB_LIB_FILE))'
INSTALL_TZDATA=''
LDAIX_SRC=''
LDFLAGS=' -Wl,--export-dynamic '
LDFLAGS_DEBUG=''
LDFLAGS_DEFAULT='$(LDFLAGS_OPTIMIZE)'
LDFLAGS_OPTIMIZE=''
LD_LIBRARY_PATH_VAR='LD_LIBRARY_PATH'
LD_SEARCH_FLAGS='-Wl,-rpath,${LIB_RUNTIME_DIR}'
LIBOBJS=''
LIBS=''
MAKEFILE_SHELL='/bin/sh'
MAKE_LIB='${SHLIB_LD} -o $@ ${OBJS} ${SHLIB_LD_LIBS} ${TCL_SHLIB_LD_EXTRAS} ${TK_SHLIB_LD_EXTRAS} ${LD_SEARCH_FLAGS}'
MAKE_STUB_LIB='${STLIB_LD} $@ ${STUB_LIB_OBJS} ; ${RANLIB} $@'
MAN_FLAGS=''
OBJEXT='o'
PACKAGE_BUGREPORT=''
PACKAGE_NAME='tcl'
PACKAGE_STRING='tcl 8.5'
PACKAGE_TARNAME='tcl'
PACKAGE_VERSION='8.5'
PATH_SEPARATOR=':'
PLAT_OBJS=''
PLAT_SRCS=''
PRIVATE_INCLUDE_DIR='$(includedir)'
RANLIB='ranlib'
SHELL='/bin/bash'
SHLIB_CFLAGS='-fPIC'
SHLIB_LD='${CC} -shared ${CFLAGS} ${LDFLAGS}'
SHLIB_LD_LIBS='${LIBS}'
SHLIB_SUFFIX='.so'
STLIB_LD='${AR} cr'
TCL_BUILD_EXP_FILE=''
TCL_BUILD_LIB_SPEC='-L/home/oide/SAD/oldsad/obj/i386-Linux2/tcl8.5.8/unix -ltcl8.5'
TCL_BUILD_STUB_LIB_PATH='/home/oide/SAD/oldsad/obj/i386-Linux2/tcl8.5.8/unix/libtclstub8.5.a'
TCL_BUILD_STUB_LIB_SPEC='-L/home/oide/SAD/oldsad/obj/i386-Linux2/tcl8.5.8/unix -ltclstub8.5'
TCL_EXP_FILE=''
TCL_HAS_LONGLONG=''
TCL_INCLUDE_SPEC='-I/home/oide/SAD/oldsad/arch/i386-Linux2/include'
TCL_LIBRARY='$(prefix)/lib/tcl$(VERSION)'
TCL_LIBS='-ldl  -lieee -lm'
TCL_LIB_FILE='libtcl8.5.so'
TCL_LIB_FLAG='-ltcl8.5'
TCL_LIB_SPEC='-L/home/oide/SAD/oldsad/arch/i386-Linux2/lib -ltcl8.5'
TCL_LIB_VERSIONS_OK='ok'
TCL_MAJOR_VERSION='8'
TCL_MINOR_VERSION='5'
TCL_MODULE_PATH=''
TCL_NEEDS_EXP_FILE='0'
TCL_PACKAGE_PATH='/home/oide/SAD/oldsad/arch/i386-Linux2/lib '
TCL_PATCH_LEVEL='.8'
TCL_SHARED_BUILD='1'
TCL_SHARED_LIB_SUFFIX='${VERSION}${SHLIB_SUFFIX}'
TCL_SHLIB_LD_EXTRAS=''
TCL_SRC_DIR='/home/oide/SAD/oldsad/obj/i386-Linux2/tcl8.5.8'
TCL_STUB_LIB_FILE='libtclstub8.5.a'
TCL_STUB_LIB_FLAG='-ltclstub8.5'
TCL_STUB_LIB_PATH='/home/oide/SAD/oldsad/arch/i386-Linux2/lib/libtclstub8.5.a'
TCL_STUB_LIB_SPEC='-L/home/oide/SAD/oldsad/arch/i386-Linux2/lib -ltclstub8.5'
TCL_THREADS='0'
TCL_UNSHARED_LIB_SUFFIX='${VERSION}.a'
TCL_VERSION='8.5'
TCL_YEAR=''
TK_SHLIB_LD_EXTRAS=''
ac_ct_CC='gcc-4'
ac_ct_RANLIB='ranlib'
bindir='${exec_prefix}/bin'
build_alias=''
datadir='${prefix}/share'
exec_prefix='/home/oide/SAD/oldsad/arch/i386-Linux2'
host_alias=''
includedir='${prefix}/include'
infodir='${prefix}/info'
libdir='/home/oide/SAD/oldsad/arch/i386-Linux2/lib'
libexecdir='${exec_prefix}/libexec'
localstatedir='${prefix}/var'
mandir='${prefix}/man'
oldincludedir='/usr/include'
prefix='/home/oide/SAD/oldsad/arch/i386-Linux2'
program_transform_name='s,x,x,'
sbindir='${exec_prefix}/sbin'
sharedstatedir='${prefix}/com'
sysconfdir='${prefix}/etc'
target_alias=''

## ----------- ##
## confdefs.h. ##
## ----------- ##

#define HAVE_GETADDRINFO 1
#define HAVE_GETCWD 1
#define HAVE_GMTIME_R 1
#define HAVE_INTPTR_T 1
#define HAVE_INTTYPES_H 1
#define HAVE_LANGINFO 1
#define HAVE_LIMITS_H 1
#define HAVE_LOCALTIME_R 1
#define HAVE_LSEEK64 1
#define HAVE_MEMORY_H 1
#define HAVE_MKTIME 1
#define HAVE_OPEN64 1
#define HAVE_OPENDIR 1
#define HAVE_SIGNED_CHAR 1
#define HAVE_STDINT_H 1
#define HAVE_STDLIB_H 1
#define HAVE_STRINGS_H 1
#define HAVE_STRING_H 1
#define HAVE_STRTOL 1
#define HAVE_STRUCT_STAT64 1
#define HAVE_STRUCT_STAT_ST_BLKSIZE 1
#define HAVE_STRUCT_TM_TM_ZONE 1
#define HAVE_ST_BLKSIZE 1
#define HAVE_SYS_IOCTL_H 1
#define HAVE_SYS_PARAM_H 1
#define HAVE_SYS_STAT_H 1
#define HAVE_SYS_TIME_H 1
#define HAVE_SYS_TYPES_H 1
#define HAVE_TIMEZONE_VAR 1
#define HAVE_TM_GMTOFF 1
#define HAVE_TM_ZONE 1
#define HAVE_TYPE_OFF64_T 1
#define HAVE_UINTPTR_T 1
#define HAVE_UNISTD_H 1
#define HAVE_WAITPID 1
#define MODULE_SCOPE extern __attribute__((__visibility__("hidden")))
#define MP_PREC 4
#define PACKAGE_BUGREPORT ""
#define PACKAGE_NAME "tcl"
#define PACKAGE_STRING "tcl 8.5"
#define PACKAGE_TARNAME "tcl"
#define PACKAGE_VERSION "8.5"
#define STDC_HEADERS 1
#define TCL_CFGVAL_ENCODING "iso8859-1"
#define TCL_CFG_DEBUG 1
#define TCL_CFG_OPTIMIZED 1
#define TCL_SHLIB_EXT ".so"
#define TCL_TOMMATH 1
#define TCL_UNLOAD_DLLS 1
#define TCL_WIDE_INT_TYPE long long
#define TIME_WITH_SYS_TIME 1
#define USE_TERMIOS 1
#define _LARGEFILE64_SOURCE 1

configure: exit 0
