This file contains any messages produced by compilers while
running configure, to aid debugging if configure makes a mistake.

configure:575: checking whether to use symlinks for manpages
configure:587: checking compression for manpages
configure:615: checking for gcc
configure:728: checking whether the C compiler (gcc  ) works
configure:744: gcc -o conftest    conftest.c  1>&5
configure:770: checking whether the C compiler (gcc  ) is a cross-compiler
configure:775: checking whether we are using GNU C
configure:803: checking whether gcc accepts -g
configure:841: checking for building with threads
configure:1295: checking if the compiler understands -pipe
configure:1306: gcc -pipe -c   conftest.c 1>&5
configure:1325: checking how to run the C preprocessor
configure:1413: checking for sin
configure:1462: checking for main in -lieee
configure:1504: checking for main in -linet
configure:1541: checking for net/errno.h
configure:1596: checking for connect
configure:1789: checking for gethostbyname
configure:1891: checking how to build libraries
configure:1930: checking for ranlib
configure:1962: checking if 64bit support is requested
configure:1982: checking if 64bit Sparc VIS support is requested
configure:2006: checking system version (for dynamic loading)
configure:2032: checking for dlopen in -ldl
configure:2099: checking for ar
configure:3495: checking for build with symbols
configure:3556: checking for required early compiler flags
configure:3664: checking for 64-bit integer type
configure:3727: checking for struct dirent64
configure:3762: checking for struct stat64
configure:3797: checking for off64_t
configure:3838: checking whether byte ordering is bigendian
configure:3937: checking for getcwd
configure:3999: checking for opendir
configure:3999: checking for strstr
configure:4057: checking for strtol
configure:4057: checking for strtoll
configure:4057: checking for strtoull
configure:4057: checking for tmpnam
configure:4057: checking for waitpid
configure:4112: checking for strerror
configure:4164: checking for getwd
configure:4216: checking for wait3
configure:4268: checking for uname
configure:4320: checking for realpath
configure:4383: checking dirent.h
configure:4411: gcc -pipe -o conftest    -prebind conftest.c  -framework CoreFoundation 1>&5
configure:4432: checking for errno.h
configure:4469: checking for float.h
configure:4506: checking for values.h
configure:4543: checking for limits.h
configure:4583: checking for stdlib.h
configure:4665: checking for string.h
configure:4738: checking for sys/wait.h
configure:4775: checking for dlfcn.h
configure:4817: checking for unistd.h
configure:4817: checking for sys/param.h
configure:4867: checking for sys/modem.h
configure:4904: checking termios vs. termio vs. sgtty
configure:5139: checking for fd_set in sys/types
configure:5209: checking whether struct tm is in sys/time.h or time.h
configure:5247: checking for sys/time.h
configure:5284: checking whether time.h and sys/time.h may both be included
configure:5319: checking for tm_zone in struct tm
configure:5392: checking for gmtime_r
configure:5392: checking for localtime_r
configure:5446: checking tm_tzadj in struct tm
configure:5479: checking tm_gmtoff in struct tm
configure:5516: checking long timezone variable
configure:5530: gcc -pipe -c   conftest.c 1>&5
configure: In function 'main':
configure:5524: error: 'timezone' redeclared as different kind of symbol
/usr/include/time.h:149: error: previous declaration of 'timezone' was here
configure:5526: warning: incompatible implicit declaration of built-in function 'exit'
configure: failed program was:
#line 5521 "configure"
#include "confdefs.h"
#include <time.h>
int main() {
extern long timezone;
	    timezone += 1;
	    exit (0);
; return 0; }
configure:5553: checking time_t timezone variable
configure:5594: checking for st_blksize in struct stat
configure:5628: checking for fstatfs
configure:5685: checking for 8-bit clean memcmp
configure:5727: checking for memmove
configure:5788: checking proper strstr implementation
configure:5803: gcc -pipe -o conftest    -prebind conftest.c  -framework CoreFoundation 1>&5
configure:5795: warning: conflicting types for built-in function 'strstr'
configure: In function 'main':
configure:5798: warning: incompatible implicit declaration of built-in function 'exit'
configure:5829: checking for strtoul
configure:5897: gcc -pipe -o conftest    -prebind conftest.c  -framework CoreFoundation 1>&5
configure: In function 'main':
configure:5891: warning: incompatible implicit declaration of built-in function 'exit'
configure:5893: warning: incompatible implicit declaration of built-in function 'exit'
configure:5920: checking for strtod
configure:5988: gcc -pipe -o conftest    -prebind conftest.c  -framework CoreFoundation 1>&5
configure: In function 'main':
configure:5982: warning: incompatible implicit declaration of built-in function 'exit'
configure:5984: warning: incompatible implicit declaration of built-in function 'exit'
configure:6014: checking for strtod
configure:6064: checking for Solaris2.4/Tru64 strtod bugs
configure:6129: checking for ANSI C header files
configure:6233: checking for mode_t
configure:6266: checking for pid_t
configure:6299: checking for size_t
configure:6332: checking for uid_t in sys/types.h
configure:6367: checking for socklen_t
configure:6411: checking for opendir
configure:6472: checking union wait
configure:6516: checking for strncasecmp
configure:6666: checking for BSDgettimeofday
configure:6716: checking for gettimeofday
configure:6771: checking for gettimeofday declaration
configure:6807: checking whether char is unsigned
configure:6870: checking signed char declarations
configure:6910: checking for a putenv() that copies the buffer
configure:6982: checking for langinfo.h
configure:7017: checking whether to use nl_langinfo
configure:7027: gcc -pipe -c   conftest.c 1>&5
configure:7062: checking for sys/ioctl.h
configure:7102: checking for sys/filio.h
configure:7139: checking FIONBIO vs. O_NONBLOCK for nonblocking I/O
configure:7202: checking how to package libraries
